Using pre-set license

 COMMAND LINE ARGUMENTS:
/Applications/Unity/Hub/Editor/2020.3.11f1/Unity.app/Contents/MacOS/Unity
-adb2
-batchMode
-noUpm
-name
AssetImportWorker0
-projectPath
/Users/oksana/Documents/Barby
-logFile
Logs/AssetImportWorker0.log
-srvPort
61489
Successfully changed project path to: /Users/oksana/Documents/Barby
/Users/oksana/Documents/Barby
Using Asset Import Pipeline V2.
Refreshing native plugins compatible for Editor in 40.48 ms, found 2 plugins.
Preloading 0 native plugins for Editor in 0.00 ms.
Initialize engine version: 2020.3.11f1 (99c7afb366b3)
[Subsystems] Discovering subsystems at path /Applications/Unity/Hub/Editor/2020.3.11f1/Unity.app/Contents/Resources/UnitySubsystems
[Subsystems] Discovering subsystems at path /Users/oksana/Documents/Barby/Assets
GfxDevice: creating device client; threaded=0
2021-07-17 01:18:46.747 Unity[27574:684215] Color LCD preferred device: Intel(R) Iris(TM) Plus Graphics 640 (low power)
2021-07-17 01:18:46.747 Unity[27574:684215] Metal devices available: 1
2021-07-17 01:18:46.747 Unity[27574:684215] 0: Intel(R) Iris(TM) Plus Graphics 640 (low power)
2021-07-17 01:18:46.747 Unity[27574:684215] Using device Intel(R) Iris(TM) Plus Graphics 640 (low power)
Initializing Metal device caps: Intel(R) Iris(TM) Plus Graphics 640
Initialize mono
Mono path[0] = '/Applications/Unity/Hub/Editor/2020.3.11f1/Unity.app/Contents/Managed'
Mono path[1] = '/Applications/Unity/Hub/Editor/2020.3.11f1/Unity.app/Contents/MonoBleedingEdge/lib/mono/unityjit'
Mono config path = '/Applications/Unity/Hub/Editor/2020.3.11f1/Unity.app/Contents/MonoBleedingEdge/etc'
Using monoOptions --debugger-agent=transport=dt_socket,embedding=1,server=y,suspend=n,address=127.0.0.1:56574
Begin MonoManager ReloadAssembly
Registering precompiled unity dll's ...
Register platform support module: /Applications/Unity/Hub/Editor/2020.3.11f1/Unity.app/Contents/PlaybackEngines/MacStandaloneSupport/UnityEditor.OSXStandalone.Extensions.dll
Registered in 0.002850 seconds.
Native extension for OSXStandalone target not found
Refreshing native plugins compatible for Editor in 30.90 ms, found 2 plugins.
Preloading 0 native plugins for Editor in 0.00 ms.
Mono: successfully reloaded assembly
- Completed reload, in  4.009 seconds
Platform modules already initialized, skipping
Registering precompiled user dll's ...
Registered in 0.008330 seconds.
Begin MonoManager ReloadAssembly
Native extension for OSXStandalone target not found
Refreshing native plugins compatible for Editor in 0.36 ms, found 2 plugins.
Preloading 0 native plugins for Editor in 0.00 ms.
Mono: successfully reloaded assembly
- Completed reload, in  1.386 seconds
Platform modules already initialized, skipping
========================================================================
Worker process is ready to serve import requests
Launching external process: /Applications/Unity/Hub/Editor/2020.3.11f1/Unity.app/Contents/Tools/UnityShaderCompiler
Launched and connected shader compiler UnityShaderCompiler after 0.02 seconds
Refreshing native plugins compatible for Editor in 0.34 ms, found 2 plugins.
Preloading 0 native plugins for Editor in 0.00 ms.
Unloading 1484 Unused Serialized files (Serialized files now loaded: 0)
System memory in use before: 144.8 MB.
System memory in use after: 144.9 MB.

Unloading 18 unused Assets to reduce memory usage. Loaded Objects now: 1920.
Total: 1.972992 ms (FindLiveObjects: 0.184794 ms CreateObjectMapping: 0.052912 ms MarkObjects: 1.664599 ms  DeleteObjects: 0.069774 ms)

========================================================================
Received Import Request.
  path: Assets/BlendModes/Runtime/BlendModeEffect.cs
  artifactKey: Guid(198ada6227b2f4c419bd5cbefdf722f4) Importer(815301076,1909f56bfc062723c751e8b465ee728b)
Start importing Assets/BlendModes/Runtime/BlendModeEffect.cs using Guid(198ada6227b2f4c419bd5cbefdf722f4) Importer(815301076,1909f56bfc062723c751e8b465ee728b)  -> (artifact id: 'ce93a913531bdd5b6c759d5784d2c6db') in 5.488250 seconds
  Import took 5.491089 seconds .

========================================================================
Received Import Request.
  Time since last request: 0.000269 seconds.
  path: Assets/BlendModes/Documentation.pdf
  artifactKey: Guid(785356c9180f2ea4cabaeebc7966ca60) Importer(815301076,1909f56bfc062723c751e8b465ee728b)
Start importing Assets/BlendModes/Documentation.pdf using Guid(785356c9180f2ea4cabaeebc7966ca60) Importer(815301076,1909f56bfc062723c751e8b465ee728b)  -> (artifact id: 'c4cbf6185d610d1ba80cda9940b37e28') in 1.078543 seconds
  Import took 1.081573 seconds .

========================================================================
Received Import Request.
  Time since last request: 0.000243 seconds.
  path: Assets/BlendModes/EditorResources/BlendModesIcon.png
  artifactKey: Guid(b3fb0a2f547f9ee499cd8a9e9dc75b8f) Importer(815301076,1909f56bfc062723c751e8b465ee728b)
Start importing Assets/BlendModes/EditorResources/BlendModesIcon.png using Guid(b3fb0a2f547f9ee499cd8a9e9dc75b8f) Importer(815301076,1909f56bfc062723c751e8b465ee728b)  -> (artifact id: 'c516707c8eb6c8c8e87571a614181b10') in 1.045374 seconds
  Import took 1.047692 seconds .

========================================================================
Received Import Request.
  Time since last request: 11.189605 seconds.
  path: Assets/BlendModes/EditorResources
  artifactKey: Guid(71c72c65ecfb5c04e9c17eba4a6aeb15) Importer(815301076,1909f56bfc062723c751e8b465ee728b)
Start importing Assets/BlendModes/EditorResources using Guid(71c72c65ecfb5c04e9c17eba4a6aeb15) Importer(815301076,1909f56bfc062723c751e8b465ee728b)  -> (artifact id: '6e694a30f273ddf198296acb1c8b9510') in 0.003837 seconds
  Import took 0.009867 seconds .

========================================================================
Received Import Request.
  Time since last request: 2.161047 seconds.
  path: Assets/BlendModes/EditorResources/ExtensionSources.asset
  artifactKey: Guid(1054ca1aebffc3744b5b69560cfe01bd) Importer(815301076,1909f56bfc062723c751e8b465ee728b)
Start importing Assets/BlendModes/EditorResources/ExtensionSources.asset using Guid(1054ca1aebffc3744b5b69560cfe01bd) Importer(815301076,1909f56bfc062723c751e8b465ee728b)  -> (artifact id: '374ce3e7b2ef0b19c39d93202cb30c9d') in 0.855667 seconds
  Import took 0.859377 seconds .

========================================================================
Received Import Request.
  Time since last request: 0.176473 seconds.
  path: Assets/BlendModes/EditorResources/PackageMarker.com-elringus-blendmodes
  artifactKey: Guid(5372ef7eb3eaa71499ccb305726141f6) Importer(815301076,1909f56bfc062723c751e8b465ee728b)
Start importing Assets/BlendModes/EditorResources/PackageMarker.com-elringus-blendmodes using Guid(5372ef7eb3eaa71499ccb305726141f6) Importer(815301076,1909f56bfc062723c751e8b465ee728b)  -> (artifact id: 'c6fd219555f9adb91035113f44cd06be') in 0.332799 seconds
  Import took 0.337734 seconds .

========================================================================
Received Import Request.
  Time since last request: 21.960133 seconds.
  path: Assets/BlendModes/Editor/ExtensionFile.cs
  artifactKey: Guid(c028ca7b440fd2a4d8ecd1b5f3e7c083) Importer(815301076,1909f56bfc062723c751e8b465ee728b)
Start importing Assets/BlendModes/Editor/ExtensionFile.cs using Guid(c028ca7b440fd2a4d8ecd1b5f3e7c083) Importer(815301076,1909f56bfc062723c751e8b465ee728b)  -> (artifact id: 'e49a58e52c6c84ba3b19517c60cfee67') in 0.004961 seconds
  Import took 0.009281 seconds .

========================================================================
Received Import Request.
  Time since last request: 0.497969 seconds.
  path: Assets/BlendModes/Editor/BlendModeEffectEditor.cs
  artifactKey: Guid(05c715e2efc51654bb6cc618c1c8a9ee) Importer(815301076,1909f56bfc062723c751e8b465ee728b)
Start importing Assets/BlendModes/Editor/BlendModeEffectEditor.cs using Guid(05c715e2efc51654bb6cc618c1c8a9ee) Importer(815301076,1909f56bfc062723c751e8b465ee728b)  -> (artifact id: 'e9fe1332aa553ad8439f64485c633d12') in 0.004888 seconds
  Import took 0.008704 seconds .

========================================================================
Received Import Request.
  Time since last request: 11.682583 seconds.
  path: Assets/BlendModes/Resources/BlendModes/ShaderResources.asset
  artifactKey: Guid(8a20e995edb0947e0afbc215e8dc52b2) Importer(815301076,1909f56bfc062723c751e8b465ee728b)
Start importing Assets/BlendModes/Resources/BlendModes/ShaderResources.asset using Guid(8a20e995edb0947e0afbc215e8dc52b2) Importer(815301076,1909f56bfc062723c751e8b465ee728b)  -> (artifact id: '9e47a1c7f7cd1aa29b0f6d781802d46e') in 0.008649 seconds
  Import took 0.012111 seconds .

========================================================================
Received Import Request.
  Time since last request: 0.000496 seconds.
  path: Assets/BlendModes/Resources/BlendModes/ShaderResources.asset
  artifactKey: Guid(8a20e995edb0947e0afbc215e8dc52b2) Importer(815301076,1909f56bfc062723c751e8b465ee728b)
Start importing Assets/BlendModes/Resources/BlendModes/ShaderResources.asset using Guid(8a20e995edb0947e0afbc215e8dc52b2) Importer(815301076,1909f56bfc062723c751e8b465ee728b)  -> (artifact id: '9e47a1c7f7cd1aa29b0f6d781802d46e') in 0.012662 seconds
  Import took 0.016820 seconds .

========================================================================
Received Prepare
Registering precompiled user dll's ...
Registered in 0.027446 seconds.
Begin MonoManager ReloadAssembly
Native extension for OSXStandalone target not found
Refreshing native plugins compatible for Editor in 3.42 ms, found 2 plugins.
Preloading 0 native plugins for Editor in 0.00 ms.
Mono: successfully reloaded assembly
- Completed reload, in 11.436 seconds
Platform modules already initialized, skipping
Switching build target platform(2) subTarget(0) extendedPlatform(0) -> platform(13) subTarget(537395200) extendedPlatform(0)
Refreshing native plugins compatible for Editor in 4.45 ms, found 2 plugins.
Preloading 0 native plugins for Editor in 0.00 ms.
Unloading 1466 Unused Serialized files (Serialized files now loaded: 0)
System memory in use before: 164.4 MB.
System memory in use after: 164.5 MB.

Unloading 13 unused Assets to reduce memory usage. Loaded Objects now: 1925.
Total: 34.231831 ms (FindLiveObjects: 0.902819 ms CreateObjectMapping: 0.232312 ms MarkObjects: 33.032737 ms  DeleteObjects: 0.061413 ms)

AssetImportParameters requested are different than current active one (requested -> active):
  custom:graphics/normal-map-encoding: 01000000000000000000000000000000 -> 02000000000000000000000000000000
========================================================================
Received Import Request.
  Time since last request: 45341.406560 seconds.
  path: Assets/Video/VIdeoTaliMessure 1.renderTexture
  artifactKey: Guid(7c840bafc25164ff09059174c63c1ae3) Importer(815301076,1909f56bfc062723c751e8b465ee728b)
Start importing Assets/Video/VIdeoTaliMessure 1.renderTexture using Guid(7c840bafc25164ff09059174c63c1ae3) Importer(815301076,1909f56bfc062723c751e8b465ee728b)  -> (artifact id: 'b85cea6e66dbbbcee8debd852f01ef59') in 0.693739 seconds
  Import took 0.752178 seconds .

========================================================================
Received Import Request.
  Time since last request: 15.829276 seconds.
  path: Assets/Video/VIdeoTextureFason10.renderTexture
  artifactKey: Guid(899c3c5f7281c45ff9dfc233f3fcd24e) Importer(815301076,1909f56bfc062723c751e8b465ee728b)
Start importing Assets/Video/VIdeoTextureFason10.renderTexture using Guid(899c3c5f7281c45ff9dfc233f3fcd24e) Importer(815301076,1909f56bfc062723c751e8b465ee728b)  -> (artifact id: 'a8a5d92644ef8e631d4beeb0e14389ee') in 0.021255 seconds
  Import took 0.027280 seconds .

========================================================================
Received Prepare
Registering precompiled user dll's ...
Registered in 0.011911 seconds.
Begin MonoManager ReloadAssembly
Native extension for OSXStandalone target not found
Refreshing native plugins compatible for Editor in 0.42 ms, found 2 plugins.
Preloading 0 native plugins for Editor in 0.00 ms.
Mono: successfully reloaded assembly
- Completed reload, in  2.184 seconds
Platform modules already initialized, skipping
Switching build target platform(2) subTarget(0) extendedPlatform(0) -> platform(13) subTarget(537395200) extendedPlatform(0)
Refreshing native plugins compatible for Editor in 0.68 ms, found 2 plugins.
Preloading 0 native plugins for Editor in 0.00 ms.
Unloading 1466 Unused Serialized files (Serialized files now loaded: 0)
System memory in use before: 172.0 MB.
System memory in use after: 172.1 MB.

Unloading 13 unused Assets to reduce memory usage. Loaded Objects now: 1932.
Total: 2.454631 ms (FindLiveObjects: 0.247613 ms CreateObjectMapping: 0.057566 ms MarkObjects: 2.097197 ms  DeleteObjects: 0.050934 ms)

AssetImportParameters requested are different than current active one (requested -> active):
  custom:graphics/normal-map-encoding: 01000000000000000000000000000000 -> 02000000000000000000000000000000
========================================================================
Received Prepare
Registering precompiled user dll's ...
Registered in 0.009393 seconds.
Begin MonoManager ReloadAssembly
Native extension for OSXStandalone target not found
Refreshing native plugins compatible for Editor in 0.37 ms, found 2 plugins.
Preloading 0 native plugins for Editor in 0.00 ms.
Mono: successfully reloaded assembly
- Completed reload, in  1.600 seconds
Platform modules already initialized, skipping
Switching build target platform(2) subTarget(0) extendedPlatform(0) -> platform(13) subTarget(537395200) extendedPlatform(0)
Refreshing native plugins compatible for Editor in 0.55 ms, found 2 plugins.
Preloading 0 native plugins for Editor in 0.00 ms.
Unloading 1466 Unused Serialized files (Serialized files now loaded: 0)
System memory in use before: 172.1 MB.
System memory in use after: 172.3 MB.

Unloading 13 unused Assets to reduce memory usage. Loaded Objects now: 1935.
Total: 2.201802 ms (FindLiveObjects: 0.201735 ms CreateObjectMapping: 0.081777 ms MarkObjects: 1.898061 ms  DeleteObjects: 0.019135 ms)

AssetImportParameters requested are different than current active one (requested -> active):
  custom:graphics/normal-map-encoding: 01000000000000000000000000000000 -> 02000000000000000000000000000000
========================================================================
Received Prepare
Registering precompiled user dll's ...
Registered in 0.042766 seconds.
Begin MonoManager ReloadAssembly
Native extension for OSXStandalone target not found
Refreshing native plugins compatible for Editor in 0.40 ms, found 2 plugins.
Preloading 0 native plugins for Editor in 0.00 ms.
Mono: successfully reloaded assembly
- Completed reload, in  1.735 seconds
Platform modules already initialized, skipping
Switching build target platform(2) subTarget(0) extendedPlatform(0) -> platform(13) subTarget(537395200) extendedPlatform(0)
Refreshing native plugins compatible for Editor in 0.47 ms, found 2 plugins.
Preloading 0 native plugins for Editor in 0.00 ms.
Unloading 1466 Unused Serialized files (Serialized files now loaded: 0)
System memory in use before: 172.3 MB.
System memory in use after: 172.4 MB.

Unloading 13 unused Assets to reduce memory usage. Loaded Objects now: 1938.
Total: 3.388988 ms (FindLiveObjects: 0.606000 ms CreateObjectMapping: 0.129023 ms MarkObjects: 2.596925 ms  DeleteObjects: 0.054167 ms)

AssetImportParameters requested are different than current active one (requested -> active):
  custom:graphics/normal-map-encoding: 01000000000000000000000000000000 -> 02000000000000000000000000000000
