Using pre-set license
Built from '2020.3/staging' branch; Version is '2020.3.8f1 (507919d4fff5) revision 5273881'; Using compiler version '192528614'; Build Type 'Release'
OS: 'Windows 10 Enterprise LTSC 2019; OS build 17763.973; Version 1809; 64bit' Language: 'ru' Physical Memory: 6027 MB
BatchMode: 1, IsHumanControllingUs: 0, StartBugReporterOnCrash: 0, Is64bit: 1, IsPro: 0

 COMMAND LINE ARGUMENTS:
C:\Program Files\Unity\Hub\Editor\2020.3.8f1\Editor\Unity.exe
-adb2
-batchMode
-noUpm
-name
AssetImportWorker10
-projectPath
C:/Users/Uriy/Documents/Barby
-logFile
Logs/AssetImportWorker10.log
-srvPort
60340
Successfully changed project path to: C:/Users/Uriy/Documents/Barby
C:/Users/Uriy/Documents/Barby
Using Asset Import Pipeline V2.
Refreshing native plugins compatible for Editor in 32.77 ms, found 0 plugins.
Preloading 0 native plugins for Editor in 0.00 ms.
Initialize engine version: 2020.3.8f1 (507919d4fff5)
[Subsystems] Discovering subsystems at path C:/Program Files/Unity/Hub/Editor/2020.3.8f1/Editor/Data/Resources/UnitySubsystems
[Subsystems] Discovering subsystems at path C:/Users/Uriy/Documents/Barby/Assets
GfxDevice: creating device client; threaded=0
Direct3D:
    Version:  Direct3D 11.0 [level 11.0]
    Renderer: NVIDIA GeForce 840M (ID=0x1341)
    Vendor:   
    VRAM:     2020 MB
    Driver:   23.21.13.8857
Initialize mono
Mono path[0] = 'C:/Program Files/Unity/Hub/Editor/2020.3.8f1/Editor/Data/Managed'
Mono path[1] = 'C:/Program Files/Unity/Hub/Editor/2020.3.8f1/Editor/Data/MonoBleedingEdge/lib/mono/unityjit'
Mono config path = 'C:/Program Files/Unity/Hub/Editor/2020.3.8f1/Editor/Data/MonoBleedingEdge/etc'
Using monoOptions --debugger-agent=transport=dt_socket,embedding=1,server=y,suspend=n,address=127.0.0.1:56232
Begin MonoManager ReloadAssembly
Registering precompiled unity dll's ...
Register platform support module: C:/Program Files/Unity/Hub/Editor/2020.3.8f1/Editor/Data/PlaybackEngines/WindowsStandaloneSupport/UnityEditor.WindowsStandalone.Extensions.dll
Registered in 0.002140 seconds.
Native extension for WindowsStandalone target not found
Refreshing native plugins compatible for Editor in 440.53 ms, found 0 plugins.
Preloading 0 native plugins for Editor in 0.00 ms.
Mono: successfully reloaded assembly
- Completed reload, in  3.084 seconds
Platform modules already initialized, skipping
Registering precompiled user dll's ...
Registered in 0.000745 seconds.
Begin MonoManager ReloadAssembly
Native extension for WindowsStandalone target not found
Refreshing native plugins compatible for Editor in 0.31 ms, found 0 plugins.
Preloading 0 native plugins for Editor in 0.00 ms.
Mono: successfully reloaded assembly
- Completed reload, in  3.200 seconds
Platform modules already initialized, skipping
========================================================================
Worker process is ready to serve import requests
Launched and connected shader compiler UnityShaderCompiler.exe after 0.74 seconds
Refreshing native plugins compatible for Editor in 0.34 ms, found 0 plugins.
Preloading 0 native plugins for Editor in 0.00 ms.
Unloading 1127 Unused Serialized files (Serialized files now loaded: 0)
System memory in use before: 57.7 MB.
System memory in use after: 57.7 MB.

Unloading 9 unused Assets to reduce memory usage. Loaded Objects now: 1572.
Total: 496.376500 ms (FindLiveObjects: 0.178800 ms CreateObjectMapping: 0.057300 ms MarkObjects: 450.022800 ms  DeleteObjects: 46.114600 ms)

========================================================================
Received Import Request.
  path: Assets/Video/VideoTexture.renderTexture
  artifactKey: Guid(b54158bfc31511647a99ccf2a633c8de) Importer(815301076,1909f56bfc062723c751e8b465ee728b)
Start importing Assets/Video/VideoTexture.renderTexture using Guid(b54158bfc31511647a99ccf2a633c8de) Importer(815301076,1909f56bfc062723c751e8b465ee728b)  -> (artifact id: '73fde25d13b01901144c7d24c6c30bf2') in 2.492189 seconds
  Import took 2.523354 seconds .

========================================================================
Received Import Request.
  Time since last request: 0.000374 seconds.
  path: Assets/Textures
  artifactKey: Guid(1e2cbd275e9ae304e8a7bef95b6fa07d) Importer(815301076,1909f56bfc062723c751e8b465ee728b)
Start importing Assets/Textures using Guid(1e2cbd275e9ae304e8a7bef95b6fa07d) Importer(815301076,1909f56bfc062723c751e8b465ee728b)  -> (artifact id: 'ff7f4686c58fb670f422bbe5390be339') in 0.003349 seconds
  Import took 0.006802 seconds .

========================================================================
Received Import Request.
  Time since last request: 0.000322 seconds.
  path: Assets/Magnetic Scroll View/Scripts/ChangeCheckCallback.cs
  artifactKey: Guid(fac1f82fb89a6c545b11dce86f05c975) Importer(815301076,1909f56bfc062723c751e8b465ee728b)
Start importing Assets/Magnetic Scroll View/Scripts/ChangeCheckCallback.cs using Guid(fac1f82fb89a6c545b11dce86f05c975) Importer(815301076,1909f56bfc062723c751e8b465ee728b)  -> (artifact id: '22286dcf4eada496bc1ed6fe2f575a93') in 1.844760 seconds
  Import took 1.848371 seconds .

========================================================================
Received Prepare
Refreshing native plugins compatible for Editor in 1.77 ms, found 0 plugins.
Preloading 0 native plugins for Editor in 0.00 ms.
Unloading 3 Unused Serialized files (Serialized files now loaded: 0)
System memory in use before: 38.5 MB.
System memory in use after: 38.6 MB.

Unloading 2 unused Assets to reduce memory usage. Loaded Objects now: 1577.
Total: 7.560300 ms (FindLiveObjects: 0.371100 ms CreateObjectMapping: 0.175500 ms MarkObjects: 6.985600 ms  DeleteObjects: 0.025700 ms)

========================================================================
Received Prepare
Registering precompiled user dll's ...
Registered in 0.000662 seconds.
Begin MonoManager ReloadAssembly
Native extension for WindowsStandalone target not found
Refreshing native plugins compatible for Editor in 0.31 ms, found 0 plugins.
Preloading 0 native plugins for Editor in 0.00 ms.
Mono: successfully reloaded assembly
- Completed reload, in  1.196 seconds
Platform modules already initialized, skipping
Switching build target platform(5) subTarget(0) extendedPlatform(0) -> platform(13) subTarget(537395200) extendedPlatform(0)
Refreshing native plugins compatible for Editor in 0.30 ms, found 0 plugins.
Preloading 0 native plugins for Editor in 0.00 ms.
Unloading 1125 Unused Serialized files (Serialized files now loaded: 0)
System memory in use before: 60.7 MB.
System memory in use after: 60.8 MB.

Unloading 4 unused Assets to reduce memory usage. Loaded Objects now: 1580.
Total: 2.560600 ms (FindLiveObjects: 0.199700 ms CreateObjectMapping: 0.095400 ms MarkObjects: 2.241900 ms  DeleteObjects: 0.021800 ms)

AssetImportParameters requested are different than current active one (requested -> active):
  custom:graphics/normal-map-encoding: 01000000000000000000000000000000 -> 02000000000000000000000000000000
========================================================================
Received Prepare
Registering precompiled user dll's ...
Registered in 0.000865 seconds.
Begin MonoManager ReloadAssembly
Native extension for WindowsStandalone target not found
Refreshing native plugins compatible for Editor in 0.46 ms, found 0 plugins.
Preloading 0 native plugins for Editor in 0.00 ms.
Mono: successfully reloaded assembly
- Completed reload, in  1.138 seconds
Platform modules already initialized, skipping
Switching build target platform(5) subTarget(0) extendedPlatform(0) -> platform(13) subTarget(537395200) extendedPlatform(0)
Refreshing native plugins compatible for Editor in 0.49 ms, found 0 plugins.
Preloading 0 native plugins for Editor in 0.00 ms.
Unloading 1125 Unused Serialized files (Serialized files now loaded: 0)
System memory in use before: 60.7 MB.
System memory in use after: 60.8 MB.

Unloading 4 unused Assets to reduce memory usage. Loaded Objects now: 1583.
Total: 2.341500 ms (FindLiveObjects: 0.213100 ms CreateObjectMapping: 0.097800 ms MarkObjects: 2.010500 ms  DeleteObjects: 0.018900 ms)

AssetImportParameters requested are different than current active one (requested -> active):
  custom:graphics/normal-map-encoding: 01000000000000000000000000000000 -> 02000000000000000000000000000000
========================================================================
Received Import Request.
  Time since last request: 668.531680 seconds.
  path: Assets/Video
  artifactKey: Guid(486d2176bbe5ba740b739d97e3dde0ec) Importer(815301076,1909f56bfc062723c751e8b465ee728b)
Start importing Assets/Video using Guid(486d2176bbe5ba740b739d97e3dde0ec) Importer(815301076,1909f56bfc062723c751e8b465ee728b)  -> (artifact id: 'f25dc4311bd2ad2c0e46ae4d58c364ab') in 0.012402 seconds
  Import took 0.048902 seconds .

========================================================================
Received Import Request.
  Time since last request: 18.236627 seconds.
  path: Assets/Video/VIdeoTexture.renderTexture
  artifactKey: Guid(b54158bfc31511647a99ccf2a633c8de) Importer(815301076,1909f56bfc062723c751e8b465ee728b)
Start importing Assets/Video/VIdeoTexture.renderTexture using Guid(b54158bfc31511647a99ccf2a633c8de) Importer(815301076,1909f56bfc062723c751e8b465ee728b)  -> (artifact id: '14df80a4f1a30df008b37423402badc7') in 0.104807 seconds
  Import took 0.107784 seconds .

========================================================================
Received Import Request.
  Time since last request: 33.534118 seconds.
  path: Assets/Video/choose KIKA.webm
  artifactKey: Guid(3a7893c0070b09a4db6ed567b06e27fa) Importer(815301076,1909f56bfc062723c751e8b465ee728b)
Start importing Assets/Video/choose KIKA.webm using Guid(3a7893c0070b09a4db6ed567b06e27fa) Importer(815301076,1909f56bfc062723c751e8b465ee728b)  -> (artifact id: '1ca9c18881c53ccb0a2153eac38fad5c') in 0.006064 seconds
  Import took 0.009092 seconds .

========================================================================
Received Import Request.
  Time since last request: 0.090336 seconds.
  path: Assets/Video/choose KIKA.webm
  artifactKey: Guid(3a7893c0070b09a4db6ed567b06e27fa) Importer(815301076,1909f56bfc062723c751e8b465ee728b)
Start importing Assets/Video/choose KIKA.webm using Guid(3a7893c0070b09a4db6ed567b06e27fa) Importer(815301076,1909f56bfc062723c751e8b465ee728b)  -> (artifact id: '1ca9c18881c53ccb0a2153eac38fad5c') in 0.002697 seconds
  Import took 0.005996 seconds .

========================================================================
Received Import Request.
  Time since last request: 2.827232 seconds.
  path: Assets/Video/choose MIMI.webm
  artifactKey: Guid(df8f093e52a98ef43856d015585d9354) Importer(815301076,1909f56bfc062723c751e8b465ee728b)
Start importing Assets/Video/choose MIMI.webm using Guid(df8f093e52a98ef43856d015585d9354) Importer(815301076,1909f56bfc062723c751e8b465ee728b)  -> (artifact id: '1f4978e459f674ea4628c70bac02d886') in 0.004280 seconds
  Import took 0.007526 seconds .

========================================================================
Received Prepare
Registering precompiled user dll's ...
Registered in 0.001487 seconds.
Begin MonoManager ReloadAssembly
Native extension for WindowsStandalone target not found
Refreshing native plugins compatible for Editor in 0.32 ms, found 0 plugins.
Preloading 0 native plugins for Editor in 0.00 ms.
Mono: successfully reloaded assembly
- Completed reload, in  1.285 seconds
Platform modules already initialized, skipping
Switching build target platform(5) subTarget(0) extendedPlatform(0) -> platform(13) subTarget(537395200) extendedPlatform(0)
Refreshing native plugins compatible for Editor in 0.29 ms, found 0 plugins.
Preloading 0 native plugins for Editor in 0.00 ms.
Unloading 1125 Unused Serialized files (Serialized files now loaded: 0)
System memory in use before: 60.7 MB.
System memory in use after: 60.8 MB.

Unloading 4 unused Assets to reduce memory usage. Loaded Objects now: 1587.
Total: 2.154800 ms (FindLiveObjects: 0.163900 ms CreateObjectMapping: 0.052600 ms MarkObjects: 1.919300 ms  DeleteObjects: 0.017500 ms)

AssetImportParameters requested are different than current active one (requested -> active):
  custom:graphics/normal-map-encoding: 01000000000000000000000000000000 -> 02000000000000000000000000000000
========================================================================
Received Import Request.
  Time since last request: 516.018521 seconds.
  path: Assets/Textures/cag background.png
  artifactKey: Guid(271c96be9aa0b3f4193736fba4675f3b) Importer(815301076,1909f56bfc062723c751e8b465ee728b)
Start importing Assets/Textures/cag background.png using Guid(271c96be9aa0b3f4193736fba4675f3b) Importer(815301076,1909f56bfc062723c751e8b465ee728b)  -> (artifact id: '2b8016056745177176e37c9ad1a31297') in 0.146090 seconds
  Import took 0.150792 seconds .

========================================================================
Received Prepare
Registering precompiled user dll's ...
Registered in 0.002446 seconds.
Begin MonoManager ReloadAssembly
Native extension for WindowsStandalone target not found
Refreshing native plugins compatible for Editor in 0.28 ms, found 0 plugins.
Preloading 0 native plugins for Editor in 0.00 ms.
Mono: successfully reloaded assembly
- Completed reload, in  1.148 seconds
Platform modules already initialized, skipping
Switching build target platform(5) subTarget(0) extendedPlatform(0) -> platform(13) subTarget(537395200) extendedPlatform(0)
Refreshing native plugins compatible for Editor in 0.30 ms, found 0 plugins.
Preloading 0 native plugins for Editor in 0.00 ms.
Unloading 1125 Unused Serialized files (Serialized files now loaded: 0)
System memory in use before: 60.8 MB.
System memory in use after: 60.9 MB.

Unloading 4 unused Assets to reduce memory usage. Loaded Objects now: 1591.
Total: 3.908300 ms (FindLiveObjects: 0.309400 ms CreateObjectMapping: 0.154900 ms MarkObjects: 3.410400 ms  DeleteObjects: 0.030900 ms)

AssetImportParameters requested are different than current active one (requested -> active):
  custom:graphics/normal-map-encoding: 01000000000000000000000000000000 -> 02000000000000000000000000000000
========================================================================
Received Import Request.
  Time since last request: 8.204557 seconds.
  path: Assets/Textures/cag background.png
  artifactKey: Guid(271c96be9aa0b3f4193736fba4675f3b) Importer(815301076,1909f56bfc062723c751e8b465ee728b)
Start importing Assets/Textures/cag background.png using Guid(271c96be9aa0b3f4193736fba4675f3b) Importer(815301076,1909f56bfc062723c751e8b465ee728b)  -> (artifact id: '243b3bda876e90f7a537e887e2f2b0b1') in 0.127284 seconds
  Import took 0.131343 seconds .

========================================================================
Received Prepare
Registering precompiled user dll's ...
Registered in 0.000669 seconds.
Begin MonoManager ReloadAssembly
Native extension for WindowsStandalone target not found
Refreshing native plugins compatible for Editor in 0.30 ms, found 0 plugins.
Preloading 0 native plugins for Editor in 0.00 ms.
Mono: successfully reloaded assembly
- Completed reload, in  1.073 seconds
Platform modules already initialized, skipping
Switching build target platform(5) subTarget(0) extendedPlatform(0) -> platform(13) subTarget(537395200) extendedPlatform(0)
Refreshing native plugins compatible for Editor in 0.27 ms, found 0 plugins.
Preloading 0 native plugins for Editor in 0.00 ms.
Unloading 1125 Unused Serialized files (Serialized files now loaded: 0)
System memory in use before: 60.8 MB.
System memory in use after: 60.9 MB.

Unloading 4 unused Assets to reduce memory usage. Loaded Objects now: 1598.
Total: 3.149100 ms (FindLiveObjects: 0.202800 ms CreateObjectMapping: 0.090900 ms MarkObjects: 2.833200 ms  DeleteObjects: 0.020800 ms)

AssetImportParameters requested are different than current active one (requested -> active):
  custom:graphics/normal-map-encoding: 01000000000000000000000000000000 -> 02000000000000000000000000000000
========================================================================
Received Prepare
Registering precompiled user dll's ...
Registered in 0.003023 seconds.
Begin MonoManager ReloadAssembly
Native extension for WindowsStandalone target not found
Refreshing native plugins compatible for Editor in 0.51 ms, found 0 plugins.
Preloading 0 native plugins for Editor in 0.00 ms.
Mono: successfully reloaded assembly
- Completed reload, in  1.843 seconds
Platform modules already initialized, skipping
Switching build target platform(5) subTarget(0) extendedPlatform(0) -> platform(13) subTarget(537395200) extendedPlatform(0)
Refreshing native plugins compatible for Editor in 0.47 ms, found 0 plugins.
Preloading 0 native plugins for Editor in 0.00 ms.
Unloading 1125 Unused Serialized files (Serialized files now loaded: 0)
System memory in use before: 60.8 MB.
System memory in use after: 60.9 MB.

Unloading 4 unused Assets to reduce memory usage. Loaded Objects now: 1601.
Total: 2.554700 ms (FindLiveObjects: 0.213800 ms CreateObjectMapping: 0.057800 ms MarkObjects: 2.252800 ms  DeleteObjects: 0.028700 ms)

AssetImportParameters requested are different than current active one (requested -> active):
  custom:graphics/normal-map-encoding: 01000000000000000000000000000000 -> 02000000000000000000000000000000
========================================================================
Received Import Request.
  Time since last request: 2104.639519 seconds.
  path: Assets/Scripts
  artifactKey: Guid(8014fe7e400f4ed49b2ecfe3b3be0f62) Importer(815301076,1909f56bfc062723c751e8b465ee728b)
Start importing Assets/Scripts using Guid(8014fe7e400f4ed49b2ecfe3b3be0f62) Importer(815301076,1909f56bfc062723c751e8b465ee728b)  -> (artifact id: 'f3968df7720cf1421e9801a65082e2b9') in 0.038830 seconds
  Import took 0.042951 seconds .

========================================================================
Received Import Request.
  Time since last request: 119.367248 seconds.
  path: Assets/Scripts/Common/InAppPurchaseController.cs
  artifactKey: Guid(b90b7b27824517546beba91338390c7b) Importer(815301076,1909f56bfc062723c751e8b465ee728b)
Start importing Assets/Scripts/Common/InAppPurchaseController.cs using Guid(b90b7b27824517546beba91338390c7b) Importer(815301076,1909f56bfc062723c751e8b465ee728b)  -> (artifact id: 'af8ccc590ac7be898159cac95bd4137a') in 0.003806 seconds
  Import took 0.007598 seconds .

========================================================================
Received Import Request.
  Time since last request: 0.003641 seconds.
  path: Assets/Scripts/Common/InAppPurchaseController.cs
  artifactKey: Guid(b90b7b27824517546beba91338390c7b) Importer(815301076,1909f56bfc062723c751e8b465ee728b)
Start importing Assets/Scripts/Common/InAppPurchaseController.cs using Guid(b90b7b27824517546beba91338390c7b) Importer(815301076,1909f56bfc062723c751e8b465ee728b)  -> (artifact id: 'af8ccc590ac7be898159cac95bd4137a') in 0.002669 seconds
  Import took 0.005719 seconds .

========================================================================
Received Import Request.
  Time since last request: 7.071660 seconds.
  path: Assets/Scripts/Common/PlacementController.cs
  artifactKey: Guid(fd35a5078f8b15544878d677ac30c9e7) Importer(815301076,1909f56bfc062723c751e8b465ee728b)
Start importing Assets/Scripts/Common/PlacementController.cs using Guid(fd35a5078f8b15544878d677ac30c9e7) Importer(815301076,1909f56bfc062723c751e8b465ee728b)  -> (artifact id: '96f5588ce752a7e16b2fd647fe3a4c32') in 0.002979 seconds
  Import took 0.006028 seconds .

========================================================================
Received Import Request.
  Time since last request: 0.001259 seconds.
  path: Assets/Scripts/Common/PlacementController.cs
  artifactKey: Guid(fd35a5078f8b15544878d677ac30c9e7) Importer(815301076,1909f56bfc062723c751e8b465ee728b)
Start importing Assets/Scripts/Common/PlacementController.cs using Guid(fd35a5078f8b15544878d677ac30c9e7) Importer(815301076,1909f56bfc062723c751e8b465ee728b)  -> (artifact id: '96f5588ce752a7e16b2fd647fe3a4c32') in 0.003264 seconds
  Import took 0.007028 seconds .

========================================================================
Received Import Request.
  Time since last request: 12.662421 seconds.
  path: Assets/Scripts/Menu/DetailModelNoPack_GUI.cs
  artifactKey: Guid(c443ac274a605204b92e1a693ea3ed01) Importer(815301076,1909f56bfc062723c751e8b465ee728b)
Start importing Assets/Scripts/Menu/DetailModelNoPack_GUI.cs using Guid(c443ac274a605204b92e1a693ea3ed01) Importer(815301076,1909f56bfc062723c751e8b465ee728b)  -> (artifact id: '1bc696ba8a158df5c141fc4c22dd9719') in 0.003814 seconds
  Import took 0.007546 seconds .

========================================================================
Received Import Request.
  Time since last request: 5.505105 seconds.
  path: Assets/Scripts/Menu/DownloadModelGUI.cs
  artifactKey: Guid(6609b3beb8570064ca02c52bcfe5a927) Importer(815301076,1909f56bfc062723c751e8b465ee728b)
Start importing Assets/Scripts/Menu/DownloadModelGUI.cs using Guid(6609b3beb8570064ca02c52bcfe5a927) Importer(815301076,1909f56bfc062723c751e8b465ee728b)  -> (artifact id: '39bf3d8ccc22c2a533f4278d3fc3d56d') in 0.002937 seconds
  Import took 0.005715 seconds .

========================================================================
Received Import Request.
  Time since last request: 37.203655 seconds.
  path: Assets/Scripts/States/AR_ViewState.cs
  artifactKey: Guid(62dce04390c15e4418b8f225f5087a53) Importer(815301076,1909f56bfc062723c751e8b465ee728b)
Start importing Assets/Scripts/States/AR_ViewState.cs using Guid(62dce04390c15e4418b8f225f5087a53) Importer(815301076,1909f56bfc062723c751e8b465ee728b)  -> (artifact id: 'cc46d43e41bee7c3df5c0a0014834c2e') in 0.003944 seconds
  Import took 0.007165 seconds .

========================================================================
Received Import Request.
  Time since last request: 1.118616 seconds.
  path: Assets/Scripts/States/CorcesState.cs
  artifactKey: Guid(09129fdd985c67a4ca2326dbf94fd542) Importer(815301076,1909f56bfc062723c751e8b465ee728b)
Start importing Assets/Scripts/States/CorcesState.cs using Guid(09129fdd985c67a4ca2326dbf94fd542) Importer(815301076,1909f56bfc062723c751e8b465ee728b)  -> (artifact id: '1e3263c818974a1fb207e574a65b16c3') in 0.024467 seconds
  Import took 0.027897 seconds .

========================================================================
Received Import Request.
  Time since last request: 8.398868 seconds.
  path: Assets/Scripts/States/ItemMenuNoPack.cs
  artifactKey: Guid(b4bd8624ddf5ff94fa85c37480c617e5) Importer(815301076,1909f56bfc062723c751e8b465ee728b)
Start importing Assets/Scripts/States/ItemMenuNoPack.cs using Guid(b4bd8624ddf5ff94fa85c37480c617e5) Importer(815301076,1909f56bfc062723c751e8b465ee728b)  -> (artifact id: '6231ece293bcbf7360ac2f1c7862db17') in 0.002723 seconds
  Import took 0.005836 seconds .

========================================================================
Received Import Request.
  Time since last request: 20.145223 seconds.
  path: Assets/Scripts/States/StartMainJson.cs
  artifactKey: Guid(f5d95f6f4b7cb5f41ae1536fcecd2b2c) Importer(815301076,1909f56bfc062723c751e8b465ee728b)
Start importing Assets/Scripts/States/StartMainJson.cs using Guid(f5d95f6f4b7cb5f41ae1536fcecd2b2c) Importer(815301076,1909f56bfc062723c751e8b465ee728b)  -> (artifact id: '30fc6a6af14bcc27e45af1b07b249674') in 0.003340 seconds
  Import took 0.006908 seconds .

========================================================================
Received Import Request.
  Time since last request: 0.001369 seconds.
  path: Assets/Scripts/States/StartMainJson.cs
  artifactKey: Guid(f5d95f6f4b7cb5f41ae1536fcecd2b2c) Importer(815301076,1909f56bfc062723c751e8b465ee728b)
Start importing Assets/Scripts/States/StartMainJson.cs using Guid(f5d95f6f4b7cb5f41ae1536fcecd2b2c) Importer(815301076,1909f56bfc062723c751e8b465ee728b)  -> (artifact id: '30fc6a6af14bcc27e45af1b07b249674') in 0.003552 seconds
  Import took 0.007238 seconds .

========================================================================
Received Import Request.
  Time since last request: 16.104510 seconds.
  path: Assets/Scripts/Common/CommonData.cs
  artifactKey: Guid(fb061840c5b55254382c2297dba44f5b) Importer(815301076,1909f56bfc062723c751e8b465ee728b)
Start importing Assets/Scripts/Common/CommonData.cs using Guid(fb061840c5b55254382c2297dba44f5b) Importer(815301076,1909f56bfc062723c751e8b465ee728b)  -> (artifact id: '02520144322ceac2858b9aae01669712') in 0.002926 seconds
  Import took 0.005877 seconds .

========================================================================
Received Import Request.
  Time since last request: 84.534467 seconds.
  path: Assets/Scripts/Common/CommonData.cs
  artifactKey: Guid(fb061840c5b55254382c2297dba44f5b) Importer(815301076,1909f56bfc062723c751e8b465ee728b)
Start importing Assets/Scripts/Common/CommonData.cs using Guid(fb061840c5b55254382c2297dba44f5b) Importer(815301076,1909f56bfc062723c751e8b465ee728b)  -> (artifact id: '31ac2d93824be3a026ce1c39abd7e5a7') in 0.004054 seconds
  Import took 0.007353 seconds .

========================================================================
Received Import Request.
  Time since last request: 19.291460 seconds.
  path: Assets/Scripts/States/PacksLine.cs
  artifactKey: Guid(c2d013f5b953f6d4582f047193a9015b) Importer(815301076,1909f56bfc062723c751e8b465ee728b)
Start importing Assets/Scripts/States/PacksLine.cs using Guid(c2d013f5b953f6d4582f047193a9015b) Importer(815301076,1909f56bfc062723c751e8b465ee728b)  -> (artifact id: '56461db9f4ff8f4393e025b7a1807281') in 0.023680 seconds
  Import took 0.027674 seconds .

========================================================================
Received Import Request.
  Time since last request: 95.517829 seconds.
  path: Assets/Scripts/States/WaitLoadingPackImage.cs
  artifactKey: Guid(cd532e0ea971c70478c0ee6153f7cee0) Importer(815301076,1909f56bfc062723c751e8b465ee728b)
Start importing Assets/Scripts/States/WaitLoadingPackImage.cs using Guid(cd532e0ea971c70478c0ee6153f7cee0) Importer(815301076,1909f56bfc062723c751e8b465ee728b)  -> (artifact id: 'f79129807ca8def8700062f8681d5160') in 0.004498 seconds
  Import took 0.008070 seconds .

========================================================================
Received Import Request.
  Time since last request: 0.001142 seconds.
  path: Assets/Scripts/States/WaitLoadingPackImage.cs
  artifactKey: Guid(cd532e0ea971c70478c0ee6153f7cee0) Importer(815301076,1909f56bfc062723c751e8b465ee728b)
Start importing Assets/Scripts/States/WaitLoadingPackImage.cs using Guid(cd532e0ea971c70478c0ee6153f7cee0) Importer(815301076,1909f56bfc062723c751e8b465ee728b)  -> (artifact id: 'f79129807ca8def8700062f8681d5160') in 0.003982 seconds
  Import took 0.007778 seconds .

========================================================================
Received Import Request.
  Time since last request: 4.313770 seconds.
  path: Assets/Scripts/States/LoadingMainJson.cs
  artifactKey: Guid(ac1642a98a70e504e9980bca122442e5) Importer(815301076,1909f56bfc062723c751e8b465ee728b)
Start importing Assets/Scripts/States/LoadingMainJson.cs using Guid(ac1642a98a70e504e9980bca122442e5) Importer(815301076,1909f56bfc062723c751e8b465ee728b)  -> (artifact id: '07120db0191c5fefdec46d7beb5a1032') in 0.053560 seconds
  Import took 0.057572 seconds .

========================================================================
Received Import Request.
  Time since last request: 6.021878 seconds.
  path: Assets/Scripts/States/LoadingImagePack.cs
  artifactKey: Guid(24c8f906658b662488d93cf188eab7d2) Importer(815301076,1909f56bfc062723c751e8b465ee728b)
Start importing Assets/Scripts/States/LoadingImagePack.cs using Guid(24c8f906658b662488d93cf188eab7d2) Importer(815301076,1909f56bfc062723c751e8b465ee728b)  -> (artifact id: '9d99bb8119e385d988cc222481141c77') in 0.005234 seconds
  Import took 0.009648 seconds .

========================================================================
Received Import Request.
  Time since last request: 0.003239 seconds.
  path: Assets/Scripts/States/LoadingImagePack.cs
  artifactKey: Guid(24c8f906658b662488d93cf188eab7d2) Importer(815301076,1909f56bfc062723c751e8b465ee728b)
Start importing Assets/Scripts/States/LoadingImagePack.cs using Guid(24c8f906658b662488d93cf188eab7d2) Importer(815301076,1909f56bfc062723c751e8b465ee728b)  -> (artifact id: '9d99bb8119e385d988cc222481141c77') in 0.003855 seconds
  Import took 0.007515 seconds .

========================================================================
Received Import Request.
  Time since last request: 8.822873 seconds.
  path: Assets/Scripts/Menu/PacksLine_GUI.cs
  artifactKey: Guid(b6f8f5cae39c6bb4288d41164269aa53) Importer(815301076,1909f56bfc062723c751e8b465ee728b)
Start importing Assets/Scripts/Menu/PacksLine_GUI.cs using Guid(b6f8f5cae39c6bb4288d41164269aa53) Importer(815301076,1909f56bfc062723c751e8b465ee728b)  -> (artifact id: 'd8d86975667ce4f76b6d2a9e1fee6ada') in 0.004545 seconds
  Import took 0.007738 seconds .

========================================================================
Received Import Request.
  Time since last request: 4.627378 seconds.
  path: Assets/Scripts/Menu/LoadingMainJson_GUI.cs
  artifactKey: Guid(fefb7937658a16041b21338d5f8283d8) Importer(815301076,1909f56bfc062723c751e8b465ee728b)
Start importing Assets/Scripts/Menu/LoadingMainJson_GUI.cs using Guid(fefb7937658a16041b21338d5f8283d8) Importer(815301076,1909f56bfc062723c751e8b465ee728b)  -> (artifact id: '70638483f600a73580739457b7c87ed1') in 0.010200 seconds
  Import took 0.016339 seconds .

========================================================================
Received Import Request.
  Time since last request: 9.484320 seconds.
  path: Assets/Scripts/Common/MainManager.cs
  artifactKey: Guid(2b4fd88e1e70d694f8cc999accb1aa91) Importer(815301076,1909f56bfc062723c751e8b465ee728b)
Start importing Assets/Scripts/Common/MainManager.cs using Guid(2b4fd88e1e70d694f8cc999accb1aa91) Importer(815301076,1909f56bfc062723c751e8b465ee728b)  -> (artifact id: '18e53441a35d227cd00e3f00ab190f49') in 0.003644 seconds
  Import took 0.006504 seconds .

========================================================================
Received Import Request.
  Time since last request: 0.001620 seconds.
  path: Assets/Scripts/Common/MainManager.cs
  artifactKey: Guid(2b4fd88e1e70d694f8cc999accb1aa91) Importer(815301076,1909f56bfc062723c751e8b465ee728b)
Start importing Assets/Scripts/Common/MainManager.cs using Guid(2b4fd88e1e70d694f8cc999accb1aa91) Importer(815301076,1909f56bfc062723c751e8b465ee728b)  -> (artifact id: '18e53441a35d227cd00e3f00ab190f49') in 0.003566 seconds
  Import took 0.007090 seconds .

========================================================================
Received Prepare
Registering precompiled user dll's ...
Registered in 0.001414 seconds.
Begin MonoManager ReloadAssembly
Native extension for WindowsStandalone target not found
Refreshing native plugins compatible for Editor in 0.34 ms, found 0 plugins.
Preloading 0 native plugins for Editor in 0.00 ms.
Mono: successfully reloaded assembly
- Completed reload, in  1.340 seconds
Platform modules already initialized, skipping
Switching build target platform(5) subTarget(0) extendedPlatform(0) -> platform(13) subTarget(537395200) extendedPlatform(0)
Refreshing native plugins compatible for Editor in 1.11 ms, found 0 plugins.
Preloading 0 native plugins for Editor in 0.00 ms.
Unloading 1134 Unused Serialized files (Serialized files now loaded: 0)
System memory in use before: 61.0 MB.
System memory in use after: 61.1 MB.

Unloading 4 unused Assets to reduce memory usage. Loaded Objects now: 1613.
Total: 2.718200 ms (FindLiveObjects: 0.182700 ms CreateObjectMapping: 0.070100 ms MarkObjects: 2.426400 ms  DeleteObjects: 0.037500 ms)

AssetImportParameters requested are different than current active one (requested -> active):
  custom:graphics/normal-map-encoding: 01000000000000000000000000000000 -> 02000000000000000000000000000000
========================================================================
Received Import Request.
  Time since last request: 46.884309 seconds.
  path: Assets/Scripts/Common/MainManager.cs
  artifactKey: Guid(2b4fd88e1e70d694f8cc999accb1aa91) Importer(815301076,1909f56bfc062723c751e8b465ee728b)
Start importing Assets/Scripts/Common/MainManager.cs using Guid(2b4fd88e1e70d694f8cc999accb1aa91) Importer(815301076,1909f56bfc062723c751e8b465ee728b)  -> (artifact id: '07eb0fe69811b188afd4f0303c5d25c1') in 0.006769 seconds
  Import took 0.009508 seconds .

========================================================================
Received Import Request.
  Time since last request: 0.000293 seconds.
  path: Assets/Scripts/States
  artifactKey: Guid(172fee5e483df5a4cb795a12a94a628f) Importer(815301076,1909f56bfc062723c751e8b465ee728b)
Start importing Assets/Scripts/States using Guid(172fee5e483df5a4cb795a12a94a628f) Importer(815301076,1909f56bfc062723c751e8b465ee728b)  -> (artifact id: '8fc6c14a6924a3214c010271f08f570b') in 0.003539 seconds
  Import took 0.040392 seconds .

========================================================================
Received Import Request.
  Time since last request: 16.812393 seconds.
  path: Assets/Scripts/States/ChooseGirls.cs
  artifactKey: Guid(d67fbe03a425a5b429b3562999a733e3) Importer(815301076,1909f56bfc062723c751e8b465ee728b)
Start importing Assets/Scripts/States/ChooseGirls.cs using Guid(d67fbe03a425a5b429b3562999a733e3) Importer(815301076,1909f56bfc062723c751e8b465ee728b)  -> (artifact id: '74053acde4bb6b79a34bf0bf0366eebf') in 0.019962 seconds
  Import took 0.090230 seconds .

========================================================================
Received Prepare
Registering precompiled user dll's ...
Registered in 0.001155 seconds.
Begin MonoManager ReloadAssembly
Native extension for WindowsStandalone target not found
Refreshing native plugins compatible for Editor in 0.27 ms, found 0 plugins.
Preloading 0 native plugins for Editor in 0.00 ms.
Mono: successfully reloaded assembly
- Completed reload, in  1.348 seconds
Platform modules already initialized, skipping
Switching build target platform(5) subTarget(0) extendedPlatform(0) -> platform(13) subTarget(537395200) extendedPlatform(0)
Refreshing native plugins compatible for Editor in 0.32 ms, found 0 plugins.
Preloading 0 native plugins for Editor in 0.00 ms.
Unloading 1135 Unused Serialized files (Serialized files now loaded: 0)
System memory in use before: 61.1 MB.
System memory in use after: 61.2 MB.

Unloading 4 unused Assets to reduce memory usage. Loaded Objects now: 1617.
Total: 2.239100 ms (FindLiveObjects: 0.196300 ms CreateObjectMapping: 0.055400 ms MarkObjects: 1.949700 ms  DeleteObjects: 0.035700 ms)

AssetImportParameters requested are different than current active one (requested -> active):
  custom:graphics/normal-map-encoding: 01000000000000000000000000000000 -> 02000000000000000000000000000000
========================================================================
Received Import Request.
  Time since last request: 5.979165 seconds.
  path: Assets/Scripts/States/PacksLine.cs
  artifactKey: Guid(c2d013f5b953f6d4582f047193a9015b) Importer(815301076,1909f56bfc062723c751e8b465ee728b)
Start importing Assets/Scripts/States/PacksLine.cs using Guid(c2d013f5b953f6d4582f047193a9015b) Importer(815301076,1909f56bfc062723c751e8b465ee728b)  -> (artifact id: '7c93e1255a316b5219f71f60ca8afc5e') in 0.005749 seconds
  Import took 0.008410 seconds .

========================================================================
Received Import Request.
  Time since last request: 67.537577 seconds.
  path: Assets/Scripts/Menu
  artifactKey: Guid(af757326068a2444f86714abbd473e5f) Importer(815301076,1909f56bfc062723c751e8b465ee728b)
Start importing Assets/Scripts/Menu using Guid(af757326068a2444f86714abbd473e5f) Importer(815301076,1909f56bfc062723c751e8b465ee728b)  -> (artifact id: 'b1aa5914ec62a924a0d36b0c46690e6d') in 0.007019 seconds
  Import took 0.012985 seconds .

========================================================================
Received Import Request.
  Time since last request: 10.904563 seconds.
  path: Assets/Scripts/Menu/ChooseGirls_GUI.cs
  artifactKey: Guid(e9d078138f6ee0f4dada528c52693c67) Importer(815301076,1909f56bfc062723c751e8b465ee728b)
Start importing Assets/Scripts/Menu/ChooseGirls_GUI.cs using Guid(e9d078138f6ee0f4dada528c52693c67) Importer(815301076,1909f56bfc062723c751e8b465ee728b)  -> (artifact id: 'e0d314cd551f2ddacfe54379793638da') in 0.007110 seconds
  Import took 0.011568 seconds .

========================================================================
Received Import Request.
  Time since last request: 1.105317 seconds.
  path: Assets/Scripts/Menu/GUIButton.cs
  artifactKey: Guid(8ba2ea7c3422b64479123fd1656c22aa) Importer(815301076,1909f56bfc062723c751e8b465ee728b)
Start importing Assets/Scripts/Menu/GUIButton.cs using Guid(8ba2ea7c3422b64479123fd1656c22aa) Importer(815301076,1909f56bfc062723c751e8b465ee728b)  -> (artifact id: 'cdbed48a770d8b627f97c72fe854246d') in 0.008903 seconds
  Import took 0.044046 seconds .

========================================================================
Received Import Request.
  Time since last request: 0.039341 seconds.
  path: Assets/Scripts/Menu/GUIButton.cs
  artifactKey: Guid(8ba2ea7c3422b64479123fd1656c22aa) Importer(815301076,1909f56bfc062723c751e8b465ee728b)
Start importing Assets/Scripts/Menu/GUIButton.cs using Guid(8ba2ea7c3422b64479123fd1656c22aa) Importer(815301076,1909f56bfc062723c751e8b465ee728b)  -> (artifact id: 'cdbed48a770d8b627f97c72fe854246d') in 0.005795 seconds
  Import took 0.010262 seconds .

========================================================================
Received Prepare
Registering precompiled user dll's ...
Registered in 0.001029 seconds.
Begin MonoManager ReloadAssembly
Native extension for WindowsStandalone target not found
Refreshing native plugins compatible for Editor in 0.28 ms, found 0 plugins.
Preloading 0 native plugins for Editor in 0.00 ms.
Mono: successfully reloaded assembly
- Completed reload, in  1.288 seconds
Platform modules already initialized, skipping
Switching build target platform(5) subTarget(0) extendedPlatform(0) -> platform(13) subTarget(537395200) extendedPlatform(0)
Refreshing native plugins compatible for Editor in 0.27 ms, found 0 plugins.
Preloading 0 native plugins for Editor in 0.00 ms.
Unloading 1136 Unused Serialized files (Serialized files now loaded: 0)
System memory in use before: 61.1 MB.
System memory in use after: 61.2 MB.

Unloading 4 unused Assets to reduce memory usage. Loaded Objects now: 1621.
Total: 2.932700 ms (FindLiveObjects: 0.194200 ms CreateObjectMapping: 0.088400 ms MarkObjects: 2.630500 ms  DeleteObjects: 0.018300 ms)

AssetImportParameters requested are different than current active one (requested -> active):
  custom:graphics/normal-map-encoding: 01000000000000000000000000000000 -> 02000000000000000000000000000000
========================================================================
Received Prepare
Registering precompiled user dll's ...
Registered in 0.000935 seconds.
Begin MonoManager ReloadAssembly
Native extension for WindowsStandalone target not found
Refreshing native plugins compatible for Editor in 0.29 ms, found 0 plugins.
Preloading 0 native plugins for Editor in 0.00 ms.
Mono: successfully reloaded assembly
- Completed reload, in  1.350 seconds
Platform modules already initialized, skipping
Switching build target platform(5) subTarget(0) extendedPlatform(0) -> platform(13) subTarget(537395200) extendedPlatform(0)
Refreshing native plugins compatible for Editor in 0.27 ms, found 0 plugins.
Preloading 0 native plugins for Editor in 0.00 ms.
Unloading 1136 Unused Serialized files (Serialized files now loaded: 0)
System memory in use before: 61.1 MB.
System memory in use after: 61.2 MB.

Unloading 4 unused Assets to reduce memory usage. Loaded Objects now: 1624.
Total: 2.195400 ms (FindLiveObjects: 0.188300 ms CreateObjectMapping: 0.056000 ms MarkObjects: 1.931700 ms  DeleteObjects: 0.018000 ms)

AssetImportParameters requested are different than current active one (requested -> active):
  custom:graphics/normal-map-encoding: 01000000000000000000000000000000 -> 02000000000000000000000000000000
========================================================================
Received Import Request.
  Time since last request: 37.998001 seconds.
  path: Assets/Scripts/Menu/BaseMenu.cs
  artifactKey: Guid(3f2e56c793c1bee49ae521f2a4b31386) Importer(815301076,1909f56bfc062723c751e8b465ee728b)
Start importing Assets/Scripts/Menu/BaseMenu.cs using Guid(3f2e56c793c1bee49ae521f2a4b31386) Importer(815301076,1909f56bfc062723c751e8b465ee728b)  -> (artifact id: '1109c8dc227703503fb91c7b57e1e36f') in 0.006074 seconds
  Import took 0.008831 seconds .

========================================================================
Received Import Request.
  Time since last request: 200.317334 seconds.
  path: Assets/Scripts/Menu/GUIButton.cs
  artifactKey: Guid(8ba2ea7c3422b64479123fd1656c22aa) Importer(815301076,1909f56bfc062723c751e8b465ee728b)
Start importing Assets/Scripts/Menu/GUIButton.cs using Guid(8ba2ea7c3422b64479123fd1656c22aa) Importer(815301076,1909f56bfc062723c751e8b465ee728b)  -> (artifact id: '165f2f427ff4672afa0a3adbf7d59693') in 0.013790 seconds
  Import took 0.021142 seconds .

========================================================================
Received Prepare
Registering precompiled user dll's ...
Registered in 0.000805 seconds.
Begin MonoManager ReloadAssembly
Native extension for WindowsStandalone target not found
Refreshing native plugins compatible for Editor in 0.27 ms, found 0 plugins.
Preloading 0 native plugins for Editor in 0.00 ms.
Mono: successfully reloaded assembly
- Completed reload, in  1.292 seconds
Platform modules already initialized, skipping
Switching build target platform(5) subTarget(0) extendedPlatform(0) -> platform(13) subTarget(537395200) extendedPlatform(0)
Refreshing native plugins compatible for Editor in 0.27 ms, found 0 plugins.
Preloading 0 native plugins for Editor in 0.00 ms.
Unloading 1136 Unused Serialized files (Serialized files now loaded: 0)
System memory in use before: 61.1 MB.
System memory in use after: 61.2 MB.

Unloading 4 unused Assets to reduce memory usage. Loaded Objects now: 1627.
Total: 2.373000 ms (FindLiveObjects: 0.178300 ms CreateObjectMapping: 0.051300 ms MarkObjects: 2.114400 ms  DeleteObjects: 0.027200 ms)

AssetImportParameters requested are different than current active one (requested -> active):
  custom:graphics/normal-map-encoding: 01000000000000000000000000000000 -> 02000000000000000000000000000000
========================================================================
Received Import Request.
  Time since last request: 39.358607 seconds.
  path: Assets/Prefabs
  artifactKey: Guid(0197ef8c1ab0a004a8555f6f1ab844aa) Importer(815301076,1909f56bfc062723c751e8b465ee728b)
Start importing Assets/Prefabs using Guid(0197ef8c1ab0a004a8555f6f1ab844aa) Importer(815301076,1909f56bfc062723c751e8b465ee728b)  -> (artifact id: '8f4cf8f21283fd0a8e1da949d7fea268') in 0.007355 seconds
  Import took 0.010939 seconds .

========================================================================
Received Import Request.
  Time since last request: 17.171029 seconds.
  path: Assets/Prefabs/Menus
  artifactKey: Guid(1fa5eb36f4ddf8940859f6d9ce92ff98) Importer(815301076,1909f56bfc062723c751e8b465ee728b)
Start importing Assets/Prefabs/Menus using Guid(1fa5eb36f4ddf8940859f6d9ce92ff98) Importer(815301076,1909f56bfc062723c751e8b465ee728b)  -> (artifact id: 'df8e00ad55d5530679093268ce16c6ab') in 0.004540 seconds
  Import took 0.008682 seconds .

========================================================================
Received Import Request.
  Time since last request: 30.997589 seconds.
  path: Assets/Prefabs/Menus/ChooseGirlsMenu.prefab
  artifactKey: Guid(93c54dcf9fff8e747819fc5922d19966) Importer(815301076,1909f56bfc062723c751e8b465ee728b)
Start importing Assets/Prefabs/Menus/ChooseGirlsMenu.prefab using Guid(93c54dcf9fff8e747819fc5922d19966) Importer(815301076,1909f56bfc062723c751e8b465ee728b)  -> (artifact id: '46c48f8c5849436f24ce6099c2f1cce8') in 0.351355 seconds
  Import took 0.356778 seconds .

========================================================================
Received Import Request.
  Time since last request: 19.871987 seconds.
  path: Assets/Prefabs/Menus/ChooseGirlsMenu.prefab
  artifactKey: Guid(93c54dcf9fff8e747819fc5922d19966) Importer(815301076,1909f56bfc062723c751e8b465ee728b)
Start importing Assets/Prefabs/Menus/ChooseGirlsMenu.prefab using Guid(93c54dcf9fff8e747819fc5922d19966) Importer(815301076,1909f56bfc062723c751e8b465ee728b)  -> (artifact id: 'f42cd3f3542962226057de5f53b38852') in 0.013548 seconds
  Import took 0.016758 seconds .

========================================================================
Received Import Request.
  Time since last request: 354.865396 seconds.
  path: Assets/Scripts/StringConstants.cs
  artifactKey: Guid(80a6bbbc2c34faf4fa29b92e79711328) Importer(815301076,1909f56bfc062723c751e8b465ee728b)
Start importing Assets/Scripts/StringConstants.cs using Guid(80a6bbbc2c34faf4fa29b92e79711328) Importer(815301076,1909f56bfc062723c751e8b465ee728b)  -> (artifact id: 'd3c469e434c05b4852d5728f9a39d054') in 0.003798 seconds
  Import took 0.007678 seconds .

========================================================================
Received Import Request.
  Time since last request: 0.002521 seconds.
  path: Assets/Scripts/StringConstants.cs
  artifactKey: Guid(80a6bbbc2c34faf4fa29b92e79711328) Importer(815301076,1909f56bfc062723c751e8b465ee728b)
Start importing Assets/Scripts/StringConstants.cs using Guid(80a6bbbc2c34faf4fa29b92e79711328) Importer(815301076,1909f56bfc062723c751e8b465ee728b)  -> (artifact id: 'd3c469e434c05b4852d5728f9a39d054') in 0.003875 seconds
  Import took 0.007442 seconds .

========================================================================
Received Prepare
Registering precompiled user dll's ...
Registered in 0.000808 seconds.
Begin MonoManager ReloadAssembly
Native extension for WindowsStandalone target not found
Refreshing native plugins compatible for Editor in 0.33 ms, found 0 plugins.
Preloading 0 native plugins for Editor in 0.00 ms.
Mono: successfully reloaded assembly
- Completed reload, in  1.372 seconds
Platform modules already initialized, skipping
Switching build target platform(5) subTarget(0) extendedPlatform(0) -> platform(13) subTarget(537395200) extendedPlatform(0)
Refreshing native plugins compatible for Editor in 0.32 ms, found 0 plugins.
Preloading 0 native plugins for Editor in 0.00 ms.
Unloading 1136 Unused Serialized files (Serialized files now loaded: 0)
System memory in use before: 61.2 MB.
System memory in use after: 61.3 MB.

Unloading 5 unused Assets to reduce memory usage. Loaded Objects now: 1632.
Total: 2.666700 ms (FindLiveObjects: 0.178500 ms CreateObjectMapping: 0.050700 ms MarkObjects: 2.398100 ms  DeleteObjects: 0.038000 ms)

AssetImportParameters requested are different than current active one (requested -> active):
  custom:graphics/normal-map-encoding: 01000000000000000000000000000000 -> 02000000000000000000000000000000
========================================================================
Received Import Request.
  Time since last request: 328.338826 seconds.
  path: Assets/Prefabs/Menus/ChooseGirlsMenu.prefab
  artifactKey: Guid(93c54dcf9fff8e747819fc5922d19966) Importer(815301076,1909f56bfc062723c751e8b465ee728b)
Start importing Assets/Prefabs/Menus/ChooseGirlsMenu.prefab using Guid(93c54dcf9fff8e747819fc5922d19966) Importer(815301076,1909f56bfc062723c751e8b465ee728b)  -> (artifact id: 'd689702238c30cf8cc789190f0044ada') in 0.092168 seconds
  Import took 0.096581 seconds .

========================================================================
Received Prepare
Registering precompiled user dll's ...
Registered in 0.001604 seconds.
Begin MonoManager ReloadAssembly
Native extension for WindowsStandalone target not found
Refreshing native plugins compatible for Editor in 0.33 ms, found 0 plugins.
Preloading 0 native plugins for Editor in 0.00 ms.
Mono: successfully reloaded assembly
- Completed reload, in  1.675 seconds
Platform modules already initialized, skipping
Switching build target platform(5) subTarget(0) extendedPlatform(0) -> platform(13) subTarget(537395200) extendedPlatform(0)
Refreshing native plugins compatible for Editor in 0.34 ms, found 0 plugins.
Preloading 0 native plugins for Editor in 0.00 ms.
Unloading 1136 Unused Serialized files (Serialized files now loaded: 0)
System memory in use before: 61.2 MB.
System memory in use after: 61.3 MB.

Unloading 5 unused Assets to reduce memory usage. Loaded Objects now: 1635.
Total: 2.532700 ms (FindLiveObjects: 0.204500 ms CreateObjectMapping: 0.095500 ms MarkObjects: 2.201700 ms  DeleteObjects: 0.029000 ms)

AssetImportParameters requested are different than current active one (requested -> active):
  custom:graphics/normal-map-encoding: 01000000000000000000000000000000 -> 02000000000000000000000000000000
========================================================================
Received Prepare
Registering precompiled user dll's ...
Registered in 0.001198 seconds.
Begin MonoManager ReloadAssembly
Native extension for WindowsStandalone target not found
Refreshing native plugins compatible for Editor in 0.31 ms, found 0 plugins.
Preloading 0 native plugins for Editor in 0.00 ms.
Mono: successfully reloaded assembly
- Completed reload, in  1.623 seconds
Platform modules already initialized, skipping
Switching build target platform(5) subTarget(0) extendedPlatform(0) -> platform(13) subTarget(537395200) extendedPlatform(0)
Refreshing native plugins compatible for Editor in 0.36 ms, found 0 plugins.
Preloading 0 native plugins for Editor in 0.00 ms.
Unloading 1136 Unused Serialized files (Serialized files now loaded: 0)
System memory in use before: 61.2 MB.
System memory in use after: 61.3 MB.

Unloading 4 unused Assets to reduce memory usage. Loaded Objects now: 1638.
Total: 4.341800 ms (FindLiveObjects: 0.704400 ms CreateObjectMapping: 0.207600 ms MarkObjects: 3.401400 ms  DeleteObjects: 0.024000 ms)

AssetImportParameters requested are different than current active one (requested -> active):
  custom:graphics/normal-map-encoding: 01000000000000000000000000000000 -> 02000000000000000000000000000000
========================================================================
Received Prepare
Registering precompiled user dll's ...
Registered in 0.003211 seconds.
Begin MonoManager ReloadAssembly
Native extension for WindowsStandalone target not found
Refreshing native plugins compatible for Editor in 0.50 ms, found 0 plugins.
Preloading 0 native plugins for Editor in 0.00 ms.
Mono: successfully reloaded assembly
- Completed reload, in  8.458 seconds
Platform modules already initialized, skipping
Switching build target platform(5) subTarget(0) extendedPlatform(0) -> platform(13) subTarget(537395200) extendedPlatform(0)
Refreshing native plugins compatible for Editor in 0.49 ms, found 0 plugins.
Preloading 0 native plugins for Editor in 0.00 ms.
Unloading 1136 Unused Serialized files (Serialized files now loaded: 0)
System memory in use before: 61.2 MB.
System memory in use after: 61.3 MB.

Unloading 4 unused Assets to reduce memory usage. Loaded Objects now: 1641.
Total: 5.364700 ms (FindLiveObjects: 1.053600 ms CreateObjectMapping: 0.639900 ms MarkObjects: 3.621400 ms  DeleteObjects: 0.043300 ms)

AssetImportParameters requested are different than current active one (requested -> active):
  custom:graphics/normal-map-encoding: 01000000000000000000000000000000 -> 02000000000000000000000000000000
========================================================================
Received Prepare
Registering precompiled user dll's ...
Registered in 0.001456 seconds.
Begin MonoManager ReloadAssembly
Native extension for WindowsStandalone target not found
Refreshing native plugins compatible for Editor in 0.27 ms, found 0 plugins.
Preloading 0 native plugins for Editor in 0.00 ms.
Mono: successfully reloaded assembly
- Completed reload, in  1.251 seconds
Platform modules already initialized, skipping
Switching build target platform(5) subTarget(0) extendedPlatform(0) -> platform(13) subTarget(537395200) extendedPlatform(0)
Refreshing native plugins compatible for Editor in 0.32 ms, found 0 plugins.
Preloading 0 native plugins for Editor in 0.00 ms.
Unloading 1136 Unused Serialized files (Serialized files now loaded: 0)
System memory in use before: 61.2 MB.
System memory in use after: 61.3 MB.

Unloading 4 unused Assets to reduce memory usage. Loaded Objects now: 1644.
Total: 3.597100 ms (FindLiveObjects: 0.209700 ms CreateObjectMapping: 0.096200 ms MarkObjects: 3.264700 ms  DeleteObjects: 0.024300 ms)

AssetImportParameters requested are different than current active one (requested -> active):
  custom:graphics/normal-map-encoding: 01000000000000000000000000000000 -> 02000000000000000000000000000000
========================================================================
Received Prepare
Registering precompiled user dll's ...
Registered in 0.001076 seconds.
Begin MonoManager ReloadAssembly
Native extension for WindowsStandalone target not found
Refreshing native plugins compatible for Editor in 0.31 ms, found 0 plugins.
Preloading 0 native plugins for Editor in 0.00 ms.
Mono: successfully reloaded assembly
- Completed reload, in  1.385 seconds
Platform modules already initialized, skipping
Switching build target platform(5) subTarget(0) extendedPlatform(0) -> platform(13) subTarget(537395200) extendedPlatform(0)
Refreshing native plugins compatible for Editor in 0.30 ms, found 0 plugins.
Preloading 0 native plugins for Editor in 0.00 ms.
Unloading 1136 Unused Serialized files (Serialized files now loaded: 0)
System memory in use before: 61.2 MB.
System memory in use after: 61.3 MB.

Unloading 4 unused Assets to reduce memory usage. Loaded Objects now: 1647.
Total: 3.145500 ms (FindLiveObjects: 0.203600 ms CreateObjectMapping: 0.090200 ms MarkObjects: 2.828200 ms  DeleteObjects: 0.022200 ms)

AssetImportParameters requested are different than current active one (requested -> active):
  custom:graphics/normal-map-encoding: 01000000000000000000000000000000 -> 02000000000000000000000000000000
========================================================================
Received Import Request.
  Time since last request: 830.797506 seconds.
  path: Assets/Prefabs/Menus/ChooseGirlsMenu.prefab
  artifactKey: Guid(93c54dcf9fff8e747819fc5922d19966) Importer(815301076,1909f56bfc062723c751e8b465ee728b)
Start importing Assets/Prefabs/Menus/ChooseGirlsMenu.prefab using Guid(93c54dcf9fff8e747819fc5922d19966) Importer(815301076,1909f56bfc062723c751e8b465ee728b)  -> (artifact id: '5513e4d2191de31d636dbd7cd55f298c') in 0.084911 seconds
  Import took 0.088648 seconds .

========================================================================
Received Import Request.
  Time since last request: 0.053111 seconds.
  path: Assets/Prefabs/Menus/ChooseGirlsMenu.prefab
  artifactKey: Guid(93c54dcf9fff8e747819fc5922d19966) Importer(815301076,1909f56bfc062723c751e8b465ee728b)
Start importing Assets/Prefabs/Menus/ChooseGirlsMenu.prefab using Guid(93c54dcf9fff8e747819fc5922d19966) Importer(815301076,1909f56bfc062723c751e8b465ee728b)  -> (artifact id: '5513e4d2191de31d636dbd7cd55f298c') in 0.010796 seconds
  Import took 0.014308 seconds .

========================================================================
Received Import Request.
  Time since last request: 49.268361 seconds.
  path: Assets/Prefabs/Menus/ChooseGirlsMenu.prefab
  artifactKey: Guid(93c54dcf9fff8e747819fc5922d19966) Importer(815301076,1909f56bfc062723c751e8b465ee728b)
Start importing Assets/Prefabs/Menus/ChooseGirlsMenu.prefab using Guid(93c54dcf9fff8e747819fc5922d19966) Importer(815301076,1909f56bfc062723c751e8b465ee728b)  -> (artifact id: '3bf1d74eb6d679727f4ed26df7cc0ad4') in 0.010294 seconds
  Import took 0.014032 seconds .

========================================================================
Received Import Request.
  Time since last request: 0.109889 seconds.
  path: Assets/Prefabs/Menus/ChooseGirlsMenu.prefab
  artifactKey: Guid(93c54dcf9fff8e747819fc5922d19966) Importer(815301076,1909f56bfc062723c751e8b465ee728b)
Start importing Assets/Prefabs/Menus/ChooseGirlsMenu.prefab using Guid(93c54dcf9fff8e747819fc5922d19966) Importer(815301076,1909f56bfc062723c751e8b465ee728b)  -> (artifact id: '3bf1d74eb6d679727f4ed26df7cc0ad4') in 0.011152 seconds
  Import took 0.014598 seconds .

========================================================================
Received Prepare
Registering precompiled user dll's ...
Registered in 0.001237 seconds.
Begin MonoManager ReloadAssembly
Native extension for WindowsStandalone target not found
Refreshing native plugins compatible for Editor in 0.28 ms, found 0 plugins.
Preloading 0 native plugins for Editor in 0.00 ms.
Mono: successfully reloaded assembly
- Completed reload, in  1.240 seconds
Platform modules already initialized, skipping
Switching build target platform(5) subTarget(0) extendedPlatform(0) -> platform(13) subTarget(537395200) extendedPlatform(0)
Refreshing native plugins compatible for Editor in 0.34 ms, found 0 plugins.
Preloading 0 native plugins for Editor in 0.00 ms.
Unloading 1136 Unused Serialized files (Serialized files now loaded: 0)
System memory in use before: 61.2 MB.
System memory in use after: 61.3 MB.

Unloading 5 unused Assets to reduce memory usage. Loaded Objects now: 1650.
Total: 2.897200 ms (FindLiveObjects: 0.193400 ms CreateObjectMapping: 0.089100 ms MarkObjects: 2.586100 ms  DeleteObjects: 0.027300 ms)

AssetImportParameters requested are different than current active one (requested -> active):
  custom:graphics/normal-map-encoding: 01000000000000000000000000000000 -> 02000000000000000000000000000000
========================================================================
Received Prepare
Registering precompiled user dll's ...
Registered in 0.000744 seconds.
Begin MonoManager ReloadAssembly
Native extension for WindowsStandalone target not found
Refreshing native plugins compatible for Editor in 0.35 ms, found 0 plugins.
Preloading 0 native plugins for Editor in 0.00 ms.
Mono: successfully reloaded assembly
- Completed reload, in  1.209 seconds
Platform modules already initialized, skipping
Switching build target platform(5) subTarget(0) extendedPlatform(0) -> platform(13) subTarget(537395200) extendedPlatform(0)
Refreshing native plugins compatible for Editor in 0.35 ms, found 0 plugins.
Preloading 0 native plugins for Editor in 0.00 ms.
Unloading 1136 Unused Serialized files (Serialized files now loaded: 0)
System memory in use before: 61.2 MB.
System memory in use after: 61.3 MB.

Unloading 4 unused Assets to reduce memory usage. Loaded Objects now: 1653.
Total: 2.777300 ms (FindLiveObjects: 0.201600 ms CreateObjectMapping: 0.092500 ms MarkObjects: 2.454500 ms  DeleteObjects: 0.027500 ms)

AssetImportParameters requested are different than current active one (requested -> active):
  custom:graphics/normal-map-encoding: 01000000000000000000000000000000 -> 02000000000000000000000000000000
========================================================================
Received Prepare
Registering precompiled user dll's ...
Registered in 0.001148 seconds.
Begin MonoManager ReloadAssembly
Native extension for WindowsStandalone target not found
Refreshing native plugins compatible for Editor in 0.29 ms, found 0 plugins.
Preloading 0 native plugins for Editor in 0.00 ms.
Mono: successfully reloaded assembly
- Completed reload, in  1.337 seconds
Platform modules already initialized, skipping
Switching build target platform(5) subTarget(0) extendedPlatform(0) -> platform(13) subTarget(537395200) extendedPlatform(0)
Refreshing native plugins compatible for Editor in 0.28 ms, found 0 plugins.
Preloading 0 native plugins for Editor in 0.00 ms.
Unloading 1136 Unused Serialized files (Serialized files now loaded: 0)
System memory in use before: 61.2 MB.
System memory in use after: 61.3 MB.

Unloading 4 unused Assets to reduce memory usage. Loaded Objects now: 1656.
Total: 2.793300 ms (FindLiveObjects: 0.234500 ms CreateObjectMapping: 0.095000 ms MarkObjects: 2.443800 ms  DeleteObjects: 0.018400 ms)

AssetImportParameters requested are different than current active one (requested -> active):
  custom:graphics/normal-map-encoding: 01000000000000000000000000000000 -> 02000000000000000000000000000000
========================================================================
Received Prepare
Registering precompiled user dll's ...
Registered in 0.000759 seconds.
Begin MonoManager ReloadAssembly
Native extension for WindowsStandalone target not found
Refreshing native plugins compatible for Editor in 0.30 ms, found 0 plugins.
Preloading 0 native plugins for Editor in 0.00 ms.
Mono: successfully reloaded assembly
- Completed reload, in  1.314 seconds
Platform modules already initialized, skipping
Switching build target platform(5) subTarget(0) extendedPlatform(0) -> platform(13) subTarget(537395200) extendedPlatform(0)
Refreshing native plugins compatible for Editor in 0.50 ms, found 0 plugins.
Preloading 0 native plugins for Editor in 0.00 ms.
Unloading 1136 Unused Serialized files (Serialized files now loaded: 0)
System memory in use before: 61.2 MB.
System memory in use after: 61.3 MB.

Unloading 4 unused Assets to reduce memory usage. Loaded Objects now: 1659.
Total: 3.270400 ms (FindLiveObjects: 0.203800 ms CreateObjectMapping: 0.093300 ms MarkObjects: 2.951500 ms  DeleteObjects: 0.020300 ms)

AssetImportParameters requested are different than current active one (requested -> active):
  custom:graphics/normal-map-encoding: 01000000000000000000000000000000 -> 02000000000000000000000000000000
========================================================================
Received Import Request.
  Time since last request: 1618.333127 seconds.
  path: Assets/Prefabs/Menus/ChooseGirlsMenu.prefab
  artifactKey: Guid(93c54dcf9fff8e747819fc5922d19966) Importer(815301076,1909f56bfc062723c751e8b465ee728b)
Start importing Assets/Prefabs/Menus/ChooseGirlsMenu.prefab using Guid(93c54dcf9fff8e747819fc5922d19966) Importer(815301076,1909f56bfc062723c751e8b465ee728b)  -> (artifact id: '8bd3788a73065c15bc7b5ea20ea3af49') in 0.091575 seconds
  Import took 0.095648 seconds .

========================================================================
Received Import Request.
  Time since last request: 0.056439 seconds.
  path: Assets/Prefabs/Menus/ChooseGirlsMenu.prefab
  artifactKey: Guid(93c54dcf9fff8e747819fc5922d19966) Importer(815301076,1909f56bfc062723c751e8b465ee728b)
Start importing Assets/Prefabs/Menus/ChooseGirlsMenu.prefab using Guid(93c54dcf9fff8e747819fc5922d19966) Importer(815301076,1909f56bfc062723c751e8b465ee728b)  -> (artifact id: '8bd3788a73065c15bc7b5ea20ea3af49') in 0.011064 seconds
  Import took 0.014578 seconds .

========================================================================
Received Prepare
Registering precompiled user dll's ...
Registered in 0.000807 seconds.
Begin MonoManager ReloadAssembly
Native extension for WindowsStandalone target not found
Refreshing native plugins compatible for Editor in 1.18 ms, found 0 plugins.
Preloading 0 native plugins for Editor in 0.00 ms.
Mono: successfully reloaded assembly
- Completed reload, in  2.940 seconds
Platform modules already initialized, skipping
Switching build target platform(5) subTarget(0) extendedPlatform(0) -> platform(13) subTarget(537395200) extendedPlatform(0)
Refreshing native plugins compatible for Editor in 2.88 ms, found 0 plugins.
Preloading 0 native plugins for Editor in 0.00 ms.
Unloading 1136 Unused Serialized files (Serialized files now loaded: 0)
System memory in use before: 61.2 MB.
System memory in use after: 61.3 MB.

Unloading 5 unused Assets to reduce memory usage. Loaded Objects now: 1662.
Total: 5.595300 ms (FindLiveObjects: 0.201900 ms CreateObjectMapping: 0.059800 ms MarkObjects: 5.300100 ms  DeleteObjects: 0.031500 ms)

AssetImportParameters requested are different than current active one (requested -> active):
  custom:graphics/normal-map-encoding: 01000000000000000000000000000000 -> 02000000000000000000000000000000
========================================================================
Received Import Request.
  Time since last request: 275.570247 seconds.
  path: Assets/Prefabs/Menus/ChooseGirlsMenu.prefab
  artifactKey: Guid(93c54dcf9fff8e747819fc5922d19966) Importer(815301076,1909f56bfc062723c751e8b465ee728b)
Start importing Assets/Prefabs/Menus/ChooseGirlsMenu.prefab using Guid(93c54dcf9fff8e747819fc5922d19966) Importer(815301076,1909f56bfc062723c751e8b465ee728b)  -> (artifact id: '6754d1540b6188918799c3b4801e1254') in 0.086592 seconds
  Import took 0.090724 seconds .

========================================================================
Received Import Request.
  Time since last request: 0.051553 seconds.
  path: Assets/Prefabs/Menus/ChooseGirlsMenu.prefab
  artifactKey: Guid(93c54dcf9fff8e747819fc5922d19966) Importer(815301076,1909f56bfc062723c751e8b465ee728b)
Start importing Assets/Prefabs/Menus/ChooseGirlsMenu.prefab using Guid(93c54dcf9fff8e747819fc5922d19966) Importer(815301076,1909f56bfc062723c751e8b465ee728b)  -> (artifact id: '6754d1540b6188918799c3b4801e1254') in 0.011558 seconds
  Import took 0.014956 seconds .

========================================================================
Received Prepare
Registering precompiled user dll's ...
Registered in 0.001173 seconds.
Begin MonoManager ReloadAssembly
Native extension for WindowsStandalone target not found
Refreshing native plugins compatible for Editor in 0.49 ms, found 0 plugins.
Preloading 0 native plugins for Editor in 0.00 ms.
Mono: successfully reloaded assembly
- Completed reload, in  2.115 seconds
Platform modules already initialized, skipping
Switching build target platform(5) subTarget(0) extendedPlatform(0) -> platform(13) subTarget(537395200) extendedPlatform(0)
Refreshing native plugins compatible for Editor in 0.30 ms, found 0 plugins.
Preloading 0 native plugins for Editor in 0.00 ms.
Unloading 1136 Unused Serialized files (Serialized files now loaded: 0)
System memory in use before: 61.3 MB.
System memory in use after: 61.3 MB.

Unloading 5 unused Assets to reduce memory usage. Loaded Objects now: 1665.
Total: 2.896600 ms (FindLiveObjects: 0.224100 ms CreateObjectMapping: 0.102000 ms MarkObjects: 2.541000 ms  DeleteObjects: 0.028000 ms)

AssetImportParameters requested are different than current active one (requested -> active):
  custom:graphics/normal-map-encoding: 01000000000000000000000000000000 -> 02000000000000000000000000000000
========================================================================
Received Import Request.
  Time since last request: 59.593421 seconds.
  path: Assets/Prefabs/Menus/ChooseGirlsMenu.prefab
  artifactKey: Guid(93c54dcf9fff8e747819fc5922d19966) Importer(815301076,1909f56bfc062723c751e8b465ee728b)
Start importing Assets/Prefabs/Menus/ChooseGirlsMenu.prefab using Guid(93c54dcf9fff8e747819fc5922d19966) Importer(815301076,1909f56bfc062723c751e8b465ee728b)  -> (artifact id: '5a9709b05027f7eba315fb5883793e43') in 0.086208 seconds
  Import took 0.089772 seconds .

========================================================================
Received Import Request.
  Time since last request: 0.058528 seconds.
  path: Assets/Prefabs/Menus/ChooseGirlsMenu.prefab
  artifactKey: Guid(93c54dcf9fff8e747819fc5922d19966) Importer(815301076,1909f56bfc062723c751e8b465ee728b)
Start importing Assets/Prefabs/Menus/ChooseGirlsMenu.prefab using Guid(93c54dcf9fff8e747819fc5922d19966) Importer(815301076,1909f56bfc062723c751e8b465ee728b)  -> (artifact id: '5a9709b05027f7eba315fb5883793e43') in 0.011674 seconds
  Import took 0.015347 seconds .

========================================================================
Received Prepare
Registering precompiled user dll's ...
Registered in 0.000889 seconds.
Begin MonoManager ReloadAssembly
Native extension for WindowsStandalone target not found
Refreshing native plugins compatible for Editor in 0.45 ms, found 0 plugins.
Preloading 0 native plugins for Editor in 0.00 ms.
Mono: successfully reloaded assembly
- Completed reload, in  2.264 seconds
Platform modules already initialized, skipping
Switching build target platform(5) subTarget(0) extendedPlatform(0) -> platform(13) subTarget(537395200) extendedPlatform(0)
Refreshing native plugins compatible for Editor in 0.44 ms, found 0 plugins.
Preloading 0 native plugins for Editor in 0.00 ms.
Unloading 1136 Unused Serialized files (Serialized files now loaded: 0)
System memory in use before: 61.3 MB.
System memory in use after: 61.4 MB.

Unloading 5 unused Assets to reduce memory usage. Loaded Objects now: 1668.
Total: 4.405800 ms (FindLiveObjects: 0.240200 ms CreateObjectMapping: 0.090900 ms MarkObjects: 4.045300 ms  DeleteObjects: 0.027600 ms)

AssetImportParameters requested are different than current active one (requested -> active):
  custom:graphics/normal-map-encoding: 01000000000000000000000000000000 -> 02000000000000000000000000000000
========================================================================
Received Import Request.
  Time since last request: 70.202761 seconds.
  path: Assets/Prefabs/Menus/ChooseGirlsMenu.prefab
  artifactKey: Guid(93c54dcf9fff8e747819fc5922d19966) Importer(815301076,1909f56bfc062723c751e8b465ee728b)
Start importing Assets/Prefabs/Menus/ChooseGirlsMenu.prefab using Guid(93c54dcf9fff8e747819fc5922d19966) Importer(815301076,1909f56bfc062723c751e8b465ee728b)  -> (artifact id: '2e35e2e75ba3d232e5e01aac47b273a0') in 0.090740 seconds
  Import took 0.094502 seconds .

========================================================================
Received Import Request.
  Time since last request: 0.055588 seconds.
  path: Assets/Prefabs/Menus/ChooseGirlsMenu.prefab
  artifactKey: Guid(93c54dcf9fff8e747819fc5922d19966) Importer(815301076,1909f56bfc062723c751e8b465ee728b)
Start importing Assets/Prefabs/Menus/ChooseGirlsMenu.prefab using Guid(93c54dcf9fff8e747819fc5922d19966) Importer(815301076,1909f56bfc062723c751e8b465ee728b)  -> (artifact id: '2e35e2e75ba3d232e5e01aac47b273a0') in 0.010266 seconds
  Import took 0.013699 seconds .

========================================================================
Received Prepare
Registering precompiled user dll's ...
Registered in 0.001215 seconds.
Begin MonoManager ReloadAssembly
Native extension for WindowsStandalone target not found
Refreshing native plugins compatible for Editor in 0.32 ms, found 0 plugins.
Preloading 0 native plugins for Editor in 0.00 ms.
Mono: successfully reloaded assembly
- Completed reload, in  1.876 seconds
Platform modules already initialized, skipping
Switching build target platform(5) subTarget(0) extendedPlatform(0) -> platform(13) subTarget(537395200) extendedPlatform(0)
Refreshing native plugins compatible for Editor in 0.46 ms, found 0 plugins.
Preloading 0 native plugins for Editor in 0.00 ms.
Unloading 1136 Unused Serialized files (Serialized files now loaded: 0)
System memory in use before: 61.3 MB.
System memory in use after: 61.4 MB.

Unloading 5 unused Assets to reduce memory usage. Loaded Objects now: 1671.
Total: 4.850100 ms (FindLiveObjects: 0.285300 ms CreateObjectMapping: 0.086900 ms MarkObjects: 4.439900 ms  DeleteObjects: 0.035400 ms)

AssetImportParameters requested are different than current active one (requested -> active):
  custom:graphics/normal-map-encoding: 01000000000000000000000000000000 -> 02000000000000000000000000000000
========================================================================
Received Import Request.
  Time since last request: 76.047097 seconds.
  path: Assets/Prefabs/Menus/ChooseGirlsMenu.prefab
  artifactKey: Guid(93c54dcf9fff8e747819fc5922d19966) Importer(815301076,1909f56bfc062723c751e8b465ee728b)
Start importing Assets/Prefabs/Menus/ChooseGirlsMenu.prefab using Guid(93c54dcf9fff8e747819fc5922d19966) Importer(815301076,1909f56bfc062723c751e8b465ee728b)  -> (artifact id: '1e99d3f198a80356d250ef5263dfc79e') in 0.085750 seconds
  Import took 0.090337 seconds .

========================================================================
Received Import Request.
  Time since last request: 0.056740 seconds.
  path: Assets/Prefabs/Menus/ChooseGirlsMenu.prefab
  artifactKey: Guid(93c54dcf9fff8e747819fc5922d19966) Importer(815301076,1909f56bfc062723c751e8b465ee728b)
Start importing Assets/Prefabs/Menus/ChooseGirlsMenu.prefab using Guid(93c54dcf9fff8e747819fc5922d19966) Importer(815301076,1909f56bfc062723c751e8b465ee728b)  -> (artifact id: '1e99d3f198a80356d250ef5263dfc79e') in 0.011237 seconds
  Import took 0.014659 seconds .

========================================================================
Received Prepare
Registering precompiled user dll's ...
Registered in 0.002137 seconds.
Begin MonoManager ReloadAssembly
Native extension for WindowsStandalone target not found
Refreshing native plugins compatible for Editor in 0.46 ms, found 0 plugins.
Preloading 0 native plugins for Editor in 0.00 ms.
Mono: successfully reloaded assembly
- Completed reload, in  1.880 seconds
Platform modules already initialized, skipping
Switching build target platform(5) subTarget(0) extendedPlatform(0) -> platform(13) subTarget(537395200) extendedPlatform(0)
Refreshing native plugins compatible for Editor in 0.30 ms, found 0 plugins.
Preloading 0 native plugins for Editor in 0.00 ms.
Unloading 1136 Unused Serialized files (Serialized files now loaded: 0)
System memory in use before: 61.3 MB.
System memory in use after: 61.4 MB.

Unloading 5 unused Assets to reduce memory usage. Loaded Objects now: 1674.
Total: 2.226800 ms (FindLiveObjects: 0.183000 ms CreateObjectMapping: 0.062500 ms MarkObjects: 1.954200 ms  DeleteObjects: 0.025800 ms)

AssetImportParameters requested are different than current active one (requested -> active):
  custom:graphics/normal-map-encoding: 01000000000000000000000000000000 -> 02000000000000000000000000000000
========================================================================
Received Import Request.
  Time since last request: 41.965186 seconds.
  path: Assets/Prefabs/Menus/ChooseGirlsMenu.prefab
  artifactKey: Guid(93c54dcf9fff8e747819fc5922d19966) Importer(815301076,1909f56bfc062723c751e8b465ee728b)
Start importing Assets/Prefabs/Menus/ChooseGirlsMenu.prefab using Guid(93c54dcf9fff8e747819fc5922d19966) Importer(815301076,1909f56bfc062723c751e8b465ee728b)  -> (artifact id: 'afda717ce19ca8b52e6ee95db7f66b1e') in 0.087283 seconds
  Import took 0.090670 seconds .

========================================================================
Received Import Request.
  Time since last request: 0.053822 seconds.
  path: Assets/Prefabs/Menus/ChooseGirlsMenu.prefab
  artifactKey: Guid(93c54dcf9fff8e747819fc5922d19966) Importer(815301076,1909f56bfc062723c751e8b465ee728b)
Start importing Assets/Prefabs/Menus/ChooseGirlsMenu.prefab using Guid(93c54dcf9fff8e747819fc5922d19966) Importer(815301076,1909f56bfc062723c751e8b465ee728b)  -> (artifact id: 'afda717ce19ca8b52e6ee95db7f66b1e') in 0.009803 seconds
  Import took 0.013748 seconds .

========================================================================
Received Prepare
Registering precompiled user dll's ...
Registered in 0.000911 seconds.
Begin MonoManager ReloadAssembly
Native extension for WindowsStandalone target not found
Refreshing native plugins compatible for Editor in 0.77 ms, found 0 plugins.
Preloading 0 native plugins for Editor in 0.00 ms.
Mono: successfully reloaded assembly
- Completed reload, in  1.946 seconds
Platform modules already initialized, skipping
Switching build target platform(5) subTarget(0) extendedPlatform(0) -> platform(13) subTarget(537395200) extendedPlatform(0)
Refreshing native plugins compatible for Editor in 0.30 ms, found 0 plugins.
Preloading 0 native plugins for Editor in 0.00 ms.
Unloading 1136 Unused Serialized files (Serialized files now loaded: 0)
System memory in use before: 61.3 MB.
System memory in use after: 61.4 MB.

Unloading 5 unused Assets to reduce memory usage. Loaded Objects now: 1677.
Total: 3.277200 ms (FindLiveObjects: 0.300600 ms CreateObjectMapping: 0.168000 ms MarkObjects: 2.768100 ms  DeleteObjects: 0.038300 ms)

AssetImportParameters requested are different than current active one (requested -> active):
  custom:graphics/normal-map-encoding: 01000000000000000000000000000000 -> 02000000000000000000000000000000
========================================================================
Received Prepare
Registering precompiled user dll's ...
Registered in 0.002652 seconds.
Begin MonoManager ReloadAssembly
Native extension for WindowsStandalone target not found
Refreshing native plugins compatible for Editor in 0.36 ms, found 0 plugins.
Preloading 0 native plugins for Editor in 0.00 ms.
Mono: successfully reloaded assembly
- Completed reload, in  2.950 seconds
Platform modules already initialized, skipping
Switching build target platform(5) subTarget(0) extendedPlatform(0) -> platform(13) subTarget(537395200) extendedPlatform(0)
Refreshing native plugins compatible for Editor in 0.35 ms, found 0 plugins.
Preloading 0 native plugins for Editor in 0.00 ms.
Unloading 1136 Unused Serialized files (Serialized files now loaded: 0)
System memory in use before: 61.3 MB.
System memory in use after: 61.4 MB.

Unloading 4 unused Assets to reduce memory usage. Loaded Objects now: 1680.
Total: 3.813600 ms (FindLiveObjects: 0.196700 ms CreateObjectMapping: 0.084700 ms MarkObjects: 3.458800 ms  DeleteObjects: 0.070100 ms)

AssetImportParameters requested are different than current active one (requested -> active):
  custom:graphics/normal-map-encoding: 01000000000000000000000000000000 -> 02000000000000000000000000000000
========================================================================
Received Import Request.
  Time since last request: 168.576299 seconds.
  path: Assets/Prefabs/Menus/ChooseGirlsMenu.prefab
  artifactKey: Guid(93c54dcf9fff8e747819fc5922d19966) Importer(815301076,1909f56bfc062723c751e8b465ee728b)
Start importing Assets/Prefabs/Menus/ChooseGirlsMenu.prefab using Guid(93c54dcf9fff8e747819fc5922d19966) Importer(815301076,1909f56bfc062723c751e8b465ee728b)  -> (artifact id: '0246660ccd0ac6976a379f1cabddc8a5') in 0.091449 seconds
  Import took 0.095787 seconds .

========================================================================
Received Import Request.
  Time since last request: 0.051388 seconds.
  path: Assets/Prefabs/Menus/ChooseGirlsMenu.prefab
  artifactKey: Guid(93c54dcf9fff8e747819fc5922d19966) Importer(815301076,1909f56bfc062723c751e8b465ee728b)
Start importing Assets/Prefabs/Menus/ChooseGirlsMenu.prefab using Guid(93c54dcf9fff8e747819fc5922d19966) Importer(815301076,1909f56bfc062723c751e8b465ee728b)  -> (artifact id: '0246660ccd0ac6976a379f1cabddc8a5') in 0.009284 seconds
  Import took 0.012713 seconds .

========================================================================
Received Import Request.
  Time since last request: 93.822283 seconds.
  path: Assets/Prefabs/Menus/ChooseGirlsMenu.prefab
  artifactKey: Guid(93c54dcf9fff8e747819fc5922d19966) Importer(815301076,1909f56bfc062723c751e8b465ee728b)
Start importing Assets/Prefabs/Menus/ChooseGirlsMenu.prefab using Guid(93c54dcf9fff8e747819fc5922d19966) Importer(815301076,1909f56bfc062723c751e8b465ee728b)  -> (artifact id: '36005e74189291b0873c819800be9de0') in 0.013191 seconds
  Import took 0.017748 seconds .

========================================================================
Received Import Request.
  Time since last request: 0.113699 seconds.
  path: Assets/Prefabs/Menus/ChooseGirlsMenu.prefab
  artifactKey: Guid(93c54dcf9fff8e747819fc5922d19966) Importer(815301076,1909f56bfc062723c751e8b465ee728b)
Start importing Assets/Prefabs/Menus/ChooseGirlsMenu.prefab using Guid(93c54dcf9fff8e747819fc5922d19966) Importer(815301076,1909f56bfc062723c751e8b465ee728b)  -> (artifact id: '36005e74189291b0873c819800be9de0') in 0.010810 seconds
  Import took 0.014174 seconds .

========================================================================
Received Prepare
Registering precompiled user dll's ...
Registered in 0.001254 seconds.
Begin MonoManager ReloadAssembly
Native extension for WindowsStandalone target not found
Refreshing native plugins compatible for Editor in 0.52 ms, found 0 plugins.
Preloading 0 native plugins for Editor in 0.00 ms.
Mono: successfully reloaded assembly
- Completed reload, in  1.871 seconds
Platform modules already initialized, skipping
Switching build target platform(5) subTarget(0) extendedPlatform(0) -> platform(13) subTarget(537395200) extendedPlatform(0)
Refreshing native plugins compatible for Editor in 0.68 ms, found 0 plugins.
Preloading 0 native plugins for Editor in 0.00 ms.
Unloading 1136 Unused Serialized files (Serialized files now loaded: 0)
System memory in use before: 61.3 MB.
System memory in use after: 61.4 MB.

Unloading 5 unused Assets to reduce memory usage. Loaded Objects now: 1683.
Total: 3.972900 ms (FindLiveObjects: 0.711200 ms CreateObjectMapping: 0.284100 ms MarkObjects: 2.942800 ms  DeleteObjects: 0.030800 ms)

AssetImportParameters requested are different than current active one (requested -> active):
  custom:graphics/normal-map-encoding: 01000000000000000000000000000000 -> 02000000000000000000000000000000
========================================================================
Received Import Request.
  Time since last request: 62.034205 seconds.
  path: Assets/Prefabs/Menus/ChooseGirlsMenu.prefab
  artifactKey: Guid(93c54dcf9fff8e747819fc5922d19966) Importer(815301076,1909f56bfc062723c751e8b465ee728b)
Start importing Assets/Prefabs/Menus/ChooseGirlsMenu.prefab using Guid(93c54dcf9fff8e747819fc5922d19966) Importer(815301076,1909f56bfc062723c751e8b465ee728b)  -> (artifact id: '1440017f99dece92b5ab193348fd952c') in 0.089367 seconds
  Import took 0.092729 seconds .

========================================================================
Received Import Request.
  Time since last request: 0.054105 seconds.
  path: Assets/Prefabs/Menus/ChooseGirlsMenu.prefab
  artifactKey: Guid(93c54dcf9fff8e747819fc5922d19966) Importer(815301076,1909f56bfc062723c751e8b465ee728b)
Start importing Assets/Prefabs/Menus/ChooseGirlsMenu.prefab using Guid(93c54dcf9fff8e747819fc5922d19966) Importer(815301076,1909f56bfc062723c751e8b465ee728b)  -> (artifact id: '1440017f99dece92b5ab193348fd952c') in 0.011559 seconds
  Import took 0.014735 seconds .

========================================================================
Received Prepare
Registering precompiled user dll's ...
Registered in 0.000990 seconds.
Begin MonoManager ReloadAssembly
Native extension for WindowsStandalone target not found
Refreshing native plugins compatible for Editor in 0.35 ms, found 0 plugins.
Preloading 0 native plugins for Editor in 0.00 ms.
Mono: successfully reloaded assembly
- Completed reload, in  2.049 seconds
Platform modules already initialized, skipping
Switching build target platform(5) subTarget(0) extendedPlatform(0) -> platform(13) subTarget(537395200) extendedPlatform(0)
Refreshing native plugins compatible for Editor in 0.31 ms, found 0 plugins.
Preloading 0 native plugins for Editor in 0.00 ms.
Unloading 1136 Unused Serialized files (Serialized files now loaded: 0)
System memory in use before: 61.3 MB.
System memory in use after: 61.4 MB.

Unloading 5 unused Assets to reduce memory usage. Loaded Objects now: 1686.
Total: 2.691700 ms (FindLiveObjects: 0.220300 ms CreateObjectMapping: 0.100500 ms MarkObjects: 2.340700 ms  DeleteObjects: 0.028200 ms)

AssetImportParameters requested are different than current active one (requested -> active):
  custom:graphics/normal-map-encoding: 01000000000000000000000000000000 -> 02000000000000000000000000000000
========================================================================
Received Import Request.
  Time since last request: 53.222960 seconds.
  path: Assets/Prefabs/Menus/ChooseGirlsMenu.prefab
  artifactKey: Guid(93c54dcf9fff8e747819fc5922d19966) Importer(815301076,1909f56bfc062723c751e8b465ee728b)
Start importing Assets/Prefabs/Menus/ChooseGirlsMenu.prefab using Guid(93c54dcf9fff8e747819fc5922d19966) Importer(815301076,1909f56bfc062723c751e8b465ee728b)  -> (artifact id: 'ec24740b395e9b2c57205af09d860377') in 0.085281 seconds
  Import took 0.089124 seconds .

========================================================================
Received Import Request.
  Time since last request: 0.052039 seconds.
  path: Assets/Prefabs/Menus/ChooseGirlsMenu.prefab
  artifactKey: Guid(93c54dcf9fff8e747819fc5922d19966) Importer(815301076,1909f56bfc062723c751e8b465ee728b)
Start importing Assets/Prefabs/Menus/ChooseGirlsMenu.prefab using Guid(93c54dcf9fff8e747819fc5922d19966) Importer(815301076,1909f56bfc062723c751e8b465ee728b)  -> (artifact id: 'ec24740b395e9b2c57205af09d860377') in 0.010545 seconds
  Import took 0.014738 seconds .

========================================================================
Received Prepare
Registering precompiled user dll's ...
Registered in 0.000829 seconds.
Begin MonoManager ReloadAssembly
Native extension for WindowsStandalone target not found
Refreshing native plugins compatible for Editor in 0.32 ms, found 0 plugins.
Preloading 0 native plugins for Editor in 0.00 ms.
Mono: successfully reloaded assembly
- Completed reload, in  2.004 seconds
Platform modules already initialized, skipping
Switching build target platform(5) subTarget(0) extendedPlatform(0) -> platform(13) subTarget(537395200) extendedPlatform(0)
Refreshing native plugins compatible for Editor in 0.35 ms, found 0 plugins.
Preloading 0 native plugins for Editor in 0.00 ms.
Unloading 1136 Unused Serialized files (Serialized files now loaded: 0)
System memory in use before: 61.3 MB.
System memory in use after: 61.4 MB.

Unloading 5 unused Assets to reduce memory usage. Loaded Objects now: 1689.
Total: 2.932600 ms (FindLiveObjects: 0.186900 ms CreateObjectMapping: 0.058800 ms MarkObjects: 2.654100 ms  DeleteObjects: 0.030900 ms)

AssetImportParameters requested are different than current active one (requested -> active):
  custom:graphics/normal-map-encoding: 01000000000000000000000000000000 -> 02000000000000000000000000000000
========================================================================
Received Import Request.
  Time since last request: 32.208949 seconds.
  path: Assets/Prefabs/Menus/ChooseGirlsMenu.prefab
  artifactKey: Guid(93c54dcf9fff8e747819fc5922d19966) Importer(815301076,1909f56bfc062723c751e8b465ee728b)
Start importing Assets/Prefabs/Menus/ChooseGirlsMenu.prefab using Guid(93c54dcf9fff8e747819fc5922d19966) Importer(815301076,1909f56bfc062723c751e8b465ee728b)  -> (artifact id: '230a8cd836400220b155f8c83acbd7ab') in 0.078417 seconds
  Import took 0.081714 seconds .

========================================================================
Received Import Request.
  Time since last request: 0.060696 seconds.
  path: Assets/Prefabs/Menus/ChooseGirlsMenu.prefab
  artifactKey: Guid(93c54dcf9fff8e747819fc5922d19966) Importer(815301076,1909f56bfc062723c751e8b465ee728b)
Start importing Assets/Prefabs/Menus/ChooseGirlsMenu.prefab using Guid(93c54dcf9fff8e747819fc5922d19966) Importer(815301076,1909f56bfc062723c751e8b465ee728b)  -> (artifact id: '230a8cd836400220b155f8c83acbd7ab') in 0.016211 seconds
  Import took 0.020353 seconds .

========================================================================
Received Prepare
Registering precompiled user dll's ...
Registered in 0.001887 seconds.
Begin MonoManager ReloadAssembly
Native extension for WindowsStandalone target not found
Refreshing native plugins compatible for Editor in 0.32 ms, found 0 plugins.
Preloading 0 native plugins for Editor in 0.00 ms.
Mono: successfully reloaded assembly
- Completed reload, in  2.296 seconds
Platform modules already initialized, skipping
Switching build target platform(5) subTarget(0) extendedPlatform(0) -> platform(13) subTarget(537395200) extendedPlatform(0)
Refreshing native plugins compatible for Editor in 0.46 ms, found 0 plugins.
Preloading 0 native plugins for Editor in 0.00 ms.
Unloading 1136 Unused Serialized files (Serialized files now loaded: 0)
System memory in use before: 61.3 MB.
System memory in use after: 61.4 MB.

Unloading 5 unused Assets to reduce memory usage. Loaded Objects now: 1692.
Total: 2.401900 ms (FindLiveObjects: 0.199400 ms CreateObjectMapping: 0.058600 ms MarkObjects: 2.114200 ms  DeleteObjects: 0.027200 ms)

AssetImportParameters requested are different than current active one (requested -> active):
  custom:graphics/normal-map-encoding: 01000000000000000000000000000000 -> 02000000000000000000000000000000
